<testsuites id="" name="" tests="220" failures="220" skipped="0" errors="0" time="62.669106">
<testsuite name="functionality.spec.ts" timestamp="2025-09-04T22:31:42.664Z" hostname="chromium" tests="14" failures="14" skipped="0" time="0.095" errors="0">
<testcase name="Visa Page › displays visa hero section" classname="functionality.spec.ts" time="0.007">
<failure message="functionality.spec.ts:8:7 displays visa hero section" type="FAILURE">
<![CDATA[  [chromium] › functionality.spec.ts:8:7 › Visa Page › displays visa hero section ──────────────────

    Error: browserType.launch: Executable doesn't exist at /Users/hatem/Library/Caches/ms-playwright/chromium_headless_shell-1187/chrome-mac/headless_shell
    ╔═════════════════════════════════════════════════════════════════════════╗
    ║ Looks like Playwright Test or Playwright was just installed or updated. ║
    ║ Please run the following command to download new browsers:              ║
    ║                                                                         ║
    ║     npx playwright install                                              ║
    ║                                                                         ║
    ║ <3 Playwright Team                                                      ║
    ╚═════════════════════════════════════════════════════════════════════════╝
]]>
</failure>
</testcase>
<testcase name="Visa Page › shows visa types section" classname="functionality.spec.ts" time="0.007">
<failure message="functionality.spec.ts:13:7 shows visa types section" type="FAILURE">
<![CDATA[  [chromium] › functionality.spec.ts:13:7 › Visa Page › shows visa types section ───────────────────

    Error: browserType.launch: Executable doesn't exist at /Users/hatem/Library/Caches/ms-playwright/chromium_headless_shell-1187/chrome-mac/headless_shell
    ╔═════════════════════════════════════════════════════════════════════════╗
    ║ Looks like Playwright Test or Playwright was just installed or updated. ║
    ║ Please run the following command to download new browsers:              ║
    ║                                                                         ║
    ║     npx playwright install                                              ║
    ║                                                                         ║
    ║ <3 Playwright Team                                                      ║
    ╚═════════════════════════════════════════════════════════════════════════╝
]]>
</failure>
</testcase>
<testcase name="Visa Page › displays visa checklist" classname="functionality.spec.ts" time="0.01">
<failure message="functionality.spec.ts:17:7 displays visa checklist" type="FAILURE">
<![CDATA[  [chromium] › functionality.spec.ts:17:7 › Visa Page › displays visa checklist ────────────────────

    Error: browserType.launch: Executable doesn't exist at /Users/hatem/Library/Caches/ms-playwright/chromium_headless_shell-1187/chrome-mac/headless_shell
    ╔═════════════════════════════════════════════════════════════════════════╗
    ║ Looks like Playwright Test or Playwright was just installed or updated. ║
    ║ Please run the following command to download new browsers:              ║
    ║                                                                         ║
    ║     npx playwright install                                              ║
    ║                                                                         ║
    ║ <3 Playwright Team                                                      ║
    ╚═════════════════════════════════════════════════════════════════════════╝
]]>
</failure>
</testcase>
<testcase name="Visa Page › shows official sources" classname="functionality.spec.ts" time="0.009">
<failure message="functionality.spec.ts:21:7 shows official sources" type="FAILURE">
<![CDATA[  [chromium] › functionality.spec.ts:21:7 › Visa Page › shows official sources ─────────────────────

    Error: browserType.launch: Executable doesn't exist at /Users/hatem/Library/Caches/ms-playwright/chromium_headless_shell-1187/chrome-mac/headless_shell
    ╔═════════════════════════════════════════════════════════════════════════╗
    ║ Looks like Playwright Test or Playwright was just installed or updated. ║
    ║ Please run the following command to download new browsers:              ║
    ║                                                                         ║
    ║     npx playwright install                                              ║
    ║                                                                         ║
    ║ <3 Playwright Team                                                      ║
    ╚═════════════════════════════════════════════════════════════════════════╝
]]>
</failure>
</testcase>
<testcase name="Visa Page › checklist download functionality" classname="functionality.spec.ts" time="0.006">
<failure message="functionality.spec.ts:25:7 checklist download functionality" type="FAILURE">
<![CDATA[  [chromium] › functionality.spec.ts:25:7 › Visa Page › checklist download functionality ───────────

    Error: browserType.launch: Executable doesn't exist at /Users/hatem/Library/Caches/ms-playwright/chromium_headless_shell-1187/chrome-mac/headless_shell
    ╔═════════════════════════════════════════════════════════════════════════╗
    ║ Looks like Playwright Test or Playwright was just installed or updated. ║
    ║ Please run the following command to download new browsers:              ║
    ║                                                                         ║
    ║     npx playwright install                                              ║
    ║                                                                         ║
    ║ <3 Playwright Team                                                      ║
    ╚═════════════════════════════════════════════════════════════════════════╝
]]>
</failure>
</testcase>
<testcase name="Internationalization › Romanian language pages load correctly" classname="functionality.spec.ts" time="0.004">
<failure message="functionality.spec.ts:35:7 Romanian language pages load correctly" type="FAILURE">
<![CDATA[  [chromium] › functionality.spec.ts:35:7 › Internationalization › Romanian language pages load correctly 

    Error: browserType.launch: Executable doesn't exist at /Users/hatem/Library/Caches/ms-playwright/chromium_headless_shell-1187/chrome-mac/headless_shell
    ╔═════════════════════════════════════════════════════════════════════════╗
    ║ Looks like Playwright Test or Playwright was just installed or updated. ║
    ║ Please run the following command to download new browsers:              ║
    ║                                                                         ║
    ║     npx playwright install                                              ║
    ║                                                                         ║
    ║ <3 Playwright Team                                                      ║
    ╚═════════════════════════════════════════════════════════════════════════╝
]]>
</failure>
</testcase>
<testcase name="Internationalization › language switcher maintains page context" classname="functionality.spec.ts" time="0.005">
<failure message="functionality.spec.ts:53:7 language switcher maintains page context" type="FAILURE">
<![CDATA[  [chromium] › functionality.spec.ts:53:7 › Internationalization › language switcher maintains page context 

    Error: browserType.launch: Executable doesn't exist at /Users/hatem/Library/Caches/ms-playwright/chromium_headless_shell-1187/chrome-mac/headless_shell
    ╔═════════════════════════════════════════════════════════════════════════╗
    ║ Looks like Playwright Test or Playwright was just installed or updated. ║
    ║ Please run the following command to download new browsers:              ║
    ║                                                                         ║
    ║     npx playwright install                                              ║
    ║                                                                         ║
    ║ <3 Playwright Team                                                      ║
    ╚═════════════════════════════════════════════════════════════════════════╝
]]>
</failure>
</testcase>
<testcase name="Accessibility › keyboard navigation works" classname="functionality.spec.ts" time="0.005">
<failure message="functionality.spec.ts:75:7 keyboard navigation works" type="FAILURE">
<![CDATA[  [chromium] › functionality.spec.ts:75:7 › Accessibility › keyboard navigation works ──────────────

    Error: browserType.launch: Executable doesn't exist at /Users/hatem/Library/Caches/ms-playwright/chromium_headless_shell-1187/chrome-mac/headless_shell
    ╔═════════════════════════════════════════════════════════════════════════╗
    ║ Looks like Playwright Test or Playwright was just installed or updated. ║
    ║ Please run the following command to download new browsers:              ║
    ║                                                                         ║
    ║     npx playwright install                                              ║
    ║                                                                         ║
    ║ <3 Playwright Team                                                      ║
    ╚═════════════════════════════════════════════════════════════════════════╝
]]>
</failure>
</testcase>
<testcase name="Accessibility › images have alt text" classname="functionality.spec.ts" time="0.008">
<failure message="functionality.spec.ts:87:7 images have alt text" type="FAILURE">
<![CDATA[  [chromium] › functionality.spec.ts:87:7 › Accessibility › images have alt text ───────────────────

    Error: browserType.launch: Executable doesn't exist at /Users/hatem/Library/Caches/ms-playwright/chromium_headless_shell-1187/chrome-mac/headless_shell
    ╔═════════════════════════════════════════════════════════════════════════╗
    ║ Looks like Playwright Test or Playwright was just installed or updated. ║
    ║ Please run the following command to download new browsers:              ║
    ║                                                                         ║
    ║     npx playwright install                                              ║
    ║                                                                         ║
    ║ <3 Playwright Team                                                      ║
    ╚═════════════════════════════════════════════════════════════════════════╝
]]>
</failure>
</testcase>
<testcase name="Accessibility › buttons have accessible names" classname="functionality.spec.ts" time="0.013">
<failure message="functionality.spec.ts:103:7 buttons have accessible names" type="FAILURE">
<![CDATA[  [chromium] › functionality.spec.ts:103:7 › Accessibility › buttons have accessible names ─────────

    Error: browserType.launch: Executable doesn't exist at /Users/hatem/Library/Caches/ms-playwright/chromium_headless_shell-1187/chrome-mac/headless_shell
    ╔═════════════════════════════════════════════════════════════════════════╗
    ║ Looks like Playwright Test or Playwright was just installed or updated. ║
    ║ Please run the following command to download new browsers:              ║
    ║                                                                         ║
    ║     npx playwright install                                              ║
    ║                                                                         ║
    ║ <3 Playwright Team                                                      ║
    ╚═════════════════════════════════════════════════════════════════════════╝
]]>
</failure>
</testcase>
<testcase name="Performance › pages load within reasonable time" classname="functionality.spec.ts" time="0.007">
<failure message="functionality.spec.ts:121:7 pages load within reasonable time" type="FAILURE">
<![CDATA[  [chromium] › functionality.spec.ts:121:7 › Performance › pages load within reasonable time ───────

    Error: browserType.launch: Executable doesn't exist at /Users/hatem/Library/Caches/ms-playwright/chromium_headless_shell-1187/chrome-mac/headless_shell
    ╔═════════════════════════════════════════════════════════════════════════╗
    ║ Looks like Playwright Test or Playwright was just installed or updated. ║
    ║ Please run the following command to download new browsers:              ║
    ║                                                                         ║
    ║     npx playwright install                                              ║
    ║                                                                         ║
    ║ <3 Playwright Team                                                      ║
    ╚═════════════════════════════════════════════════════════════════════════╝
]]>
</failure>
</testcase>
<testcase name="Performance › no console errors on main pages" classname="functionality.spec.ts" time="0.005">
<failure message="functionality.spec.ts:134:7 no console errors on main pages" type="FAILURE">
<![CDATA[  [chromium] › functionality.spec.ts:134:7 › Performance › no console errors on main pages ─────────

    Error: browserType.launch: Executable doesn't exist at /Users/hatem/Library/Caches/ms-playwright/chromium_headless_shell-1187/chrome-mac/headless_shell
    ╔═════════════════════════════════════════════════════════════════════════╗
    ║ Looks like Playwright Test or Playwright was just installed or updated. ║
    ║ Please run the following command to download new browsers:              ║
    ║                                                                         ║
    ║     npx playwright install                                              ║
    ║                                                                         ║
    ║ <3 Playwright Team                                                      ║
    ╚═════════════════════════════════════════════════════════════════════════╝
]]>
</failure>
</testcase>
<testcase name="Links and Navigation › external links open in new tabs" classname="functionality.spec.ts" time="0.005">
<failure message="functionality.spec.ts:153:7 external links open in new tabs" type="FAILURE">
<![CDATA[  [chromium] › functionality.spec.ts:153:7 › Links and Navigation › external links open in new tabs 

    Error: browserType.launch: Executable doesn't exist at /Users/hatem/Library/Caches/ms-playwright/chromium_headless_shell-1187/chrome-mac/headless_shell
    ╔═════════════════════════════════════════════════════════════════════════╗
    ║ Looks like Playwright Test or Playwright was just installed or updated. ║
    ║ Please run the following command to download new browsers:              ║
    ║                                                                         ║
    ║     npx playwright install                                              ║
    ║                                                                         ║
    ║ <3 Playwright Team                                                      ║
    ╚═════════════════════════════════════════════════════════════════════════╝
]]>
</failure>
</testcase>
<testcase name="Links and Navigation › internal navigation works correctly" classname="functionality.spec.ts" time="0.004">
<failure message="functionality.spec.ts:174:7 internal navigation works correctly" type="FAILURE">
<![CDATA[  [chromium] › functionality.spec.ts:174:7 › Links and Navigation › internal navigation works correctly 

    Error: browserType.launch: Executable doesn't exist at /Users/hatem/Library/Caches/ms-playwright/chromium_headless_shell-1187/chrome-mac/headless_shell
    ╔═════════════════════════════════════════════════════════════════════════╗
    ║ Looks like Playwright Test or Playwright was just installed or updated. ║
    ║ Please run the following command to download new browsers:              ║
    ║                                                                         ║
    ║     npx playwright install                                              ║
    ║                                                                         ║
    ║ <3 Playwright Team                                                      ║
    ╚═════════════════════════════════════════════════════════════════════════╝
]]>
</failure>
</testcase>
</testsuite>
<testsuite name="health.spec.ts" timestamp="2025-09-04T22:31:42.664Z" hostname="chromium" tests="7" failures="7" skipped="0" time="0.035" errors="0">
<testcase name="Health Checks › homepage loads successfully" classname="health.spec.ts" time="0.005">
<failure message="health.spec.ts:4:7 homepage loads successfully" type="FAILURE">
<![CDATA[  [chromium] › health.spec.ts:4:7 › Health Checks › homepage loads successfully ────────────────────

    Error: browserType.launch: Executable doesn't exist at /Users/hatem/Library/Caches/ms-playwright/chromium_headless_shell-1187/chrome-mac/headless_shell
    ╔═════════════════════════════════════════════════════════════════════════╗
    ║ Looks like Playwright Test or Playwright was just installed or updated. ║
    ║ Please run the following command to download new browsers:              ║
    ║                                                                         ║
    ║     npx playwright install                                              ║
    ║                                                                         ║
    ║ <3 Playwright Team                                                      ║
    ╚═════════════════════════════════════════════════════════════════════════╝
]]>
</failure>
</testcase>
<testcase name="Health Checks › all main navigation pages load" classname="health.spec.ts" time="0.004">
<failure message="health.spec.ts:10:7 all main navigation pages load" type="FAILURE">
<![CDATA[  [chromium] › health.spec.ts:10:7 › Health Checks › all main navigation pages load ────────────────

    Error: browserType.launch: Executable doesn't exist at /Users/hatem/Library/Caches/ms-playwright/chromium_headless_shell-1187/chrome-mac/headless_shell
    ╔═════════════════════════════════════════════════════════════════════════╗
    ║ Looks like Playwright Test or Playwright was just installed or updated. ║
    ║ Please run the following command to download new browsers:              ║
    ║                                                                         ║
    ║     npx playwright install                                              ║
    ║                                                                         ║
    ║ <3 Playwright Team                                                      ║
    ╚═════════════════════════════════════════════════════════════════════════╝
]]>
</failure>
</testcase>
<testcase name="Health Checks › language switching works" classname="health.spec.ts" time="0.005">
<failure message="health.spec.ts:27:7 language switching works" type="FAILURE">
<![CDATA[  [chromium] › health.spec.ts:27:7 › Health Checks › language switching works ──────────────────────

    Error: browserType.launch: Executable doesn't exist at /Users/hatem/Library/Caches/ms-playwright/chromium_headless_shell-1187/chrome-mac/headless_shell
    ╔═════════════════════════════════════════════════════════════════════════╗
    ║ Looks like Playwright Test or Playwright was just installed or updated. ║
    ║ Please run the following command to download new browsers:              ║
    ║                                                                         ║
    ║     npx playwright install                                              ║
    ║                                                                         ║
    ║ <3 Playwright Team                                                      ║
    ╚═════════════════════════════════════════════════════════════════════════╝
]]>
</failure>
</testcase>
<testcase name="Health Checks › legal pages are accessible" classname="health.spec.ts" time="0.005">
<failure message="health.spec.ts:41:7 legal pages are accessible" type="FAILURE">
<![CDATA[  [chromium] › health.spec.ts:41:7 › Health Checks › legal pages are accessible ────────────────────

    Error: browserType.launch: Executable doesn't exist at /Users/hatem/Library/Caches/ms-playwright/chromium_headless_shell-1187/chrome-mac/headless_shell
    ╔═════════════════════════════════════════════════════════════════════════╗
    ║ Looks like Playwright Test or Playwright was just installed or updated. ║
    ║ Please run the following command to download new browsers:              ║
    ║                                                                         ║
    ║     npx playwright install                                              ║
    ║                                                                         ║
    ║ <3 Playwright Team                                                      ║
    ╚═════════════════════════════════════════════════════════════════════════╝
]]>
</failure>
</testcase>
<testcase name="Health Checks › footer links work" classname="health.spec.ts" time="0.005">
<failure message="health.spec.ts:51:7 footer links work" type="FAILURE">
<![CDATA[  [chromium] › health.spec.ts:51:7 › Health Checks › footer links work ─────────────────────────────

    Error: browserType.launch: Executable doesn't exist at /Users/hatem/Library/Caches/ms-playwright/chromium_headless_shell-1187/chrome-mac/headless_shell
    ╔═════════════════════════════════════════════════════════════════════════╗
    ║ Looks like Playwright Test or Playwright was just installed or updated. ║
    ║ Please run the following command to download new browsers:              ║
    ║                                                                         ║
    ║     npx playwright install                                              ║
    ║                                                                         ║
    ║ <3 Playwright Team                                                      ║
    ╚═════════════════════════════════════════════════════════════════════════╝
]]>
</failure>
</testcase>
<testcase name="Health Checks › back button functionality" classname="health.spec.ts" time="0.004">
<failure message="health.spec.ts:65:7 back button functionality" type="FAILURE">
<![CDATA[  [chromium] › health.spec.ts:65:7 › Health Checks › back button functionality ─────────────────────

    Error: browserType.launch: Executable doesn't exist at /Users/hatem/Library/Caches/ms-playwright/chromium_headless_shell-1187/chrome-mac/headless_shell
    ╔═════════════════════════════════════════════════════════════════════════╗
    ║ Looks like Playwright Test or Playwright was just installed or updated. ║
    ║ Please run the following command to download new browsers:              ║
    ║                                                                         ║
    ║     npx playwright install                                              ║
    ║                                                                         ║
    ║ <3 Playwright Team                                                      ║
    ╚═════════════════════════════════════════════════════════════════════════╝
]]>
</failure>
</testcase>
<testcase name="Health Checks › responsive design works" classname="health.spec.ts" time="0.007">
<failure message="health.spec.ts:79:7 responsive design works" type="FAILURE">
<![CDATA[  [chromium] › health.spec.ts:79:7 › Health Checks › responsive design works ───────────────────────

    Error: browserType.launch: Executable doesn't exist at /Users/hatem/Library/Caches/ms-playwright/chromium_headless_shell-1187/chrome-mac/headless_shell
    ╔═════════════════════════════════════════════════════════════════════════╗
    ║ Looks like Playwright Test or Playwright was just installed or updated. ║
    ║ Please run the following command to download new browsers:              ║
    ║                                                                         ║
    ║     npx playwright install                                              ║
    ║                                                                         ║
    ║ <3 Playwright Team                                                      ║
    ╚═════════════════════════════════════════════════════════════════════════╝
]]>
</failure>
</testcase>
</testsuite>
<testsuite name="home.spec.ts" timestamp="2025-09-04T22:31:42.664Z" hostname="chromium" tests="5" failures="5" skipped="0" time="0.025" errors="0">
<testcase name="Home Page › displays main hero content" classname="home.spec.ts" time="0.004">
<failure message="home.spec.ts:4:7 displays main hero content" type="FAILURE">
<![CDATA[  [chromium] › home.spec.ts:4:7 › Home Page › displays main hero content ───────────────────────────

    Error: browserType.launch: Executable doesn't exist at /Users/hatem/Library/Caches/ms-playwright/chromium_headless_shell-1187/chrome-mac/headless_shell
    ╔═════════════════════════════════════════════════════════════════════════╗
    ║ Looks like Playwright Test or Playwright was just installed or updated. ║
    ║ Please run the following command to download new browsers:              ║
    ║                                                                         ║
    ║     npx playwright install                                              ║
    ║                                                                         ║
    ║ <3 Playwright Team                                                      ║
    ╚═════════════════════════════════════════════════════════════════════════╝
]]>
</failure>
</testcase>
<testcase name="Home Page › shows value pillars" classname="home.spec.ts" time="0.007">
<failure message="home.spec.ts:13:7 shows value pillars" type="FAILURE">
<![CDATA[  [chromium] › home.spec.ts:13:7 › Home Page › shows value pillars ─────────────────────────────────

    Error: browserType.launch: Executable doesn't exist at /Users/hatem/Library/Caches/ms-playwright/chromium_headless_shell-1187/chrome-mac/headless_shell
    ╔═════════════════════════════════════════════════════════════════════════╗
    ║ Looks like Playwright Test or Playwright was just installed or updated. ║
    ║ Please run the following command to download new browsers:              ║
    ║                                                                         ║
    ║     npx playwright install                                              ║
    ║                                                                         ║
    ║ <3 Playwright Team                                                      ║
    ╚═════════════════════════════════════════════════════════════════════════╝
]]>
</failure>
</testcase>
<testcase name="Home Page › navigation cards are functional" classname="home.spec.ts" time="0.004">
<failure message="home.spec.ts:23:7 navigation cards are functional" type="FAILURE">
<![CDATA[  [chromium] › home.spec.ts:23:7 › Home Page › navigation cards are functional ─────────────────────

    Error: browserType.launch: Executable doesn't exist at /Users/hatem/Library/Caches/ms-playwright/chromium_headless_shell-1187/chrome-mac/headless_shell
    ╔═════════════════════════════════════════════════════════════════════════╗
    ║ Looks like Playwright Test or Playwright was just installed or updated. ║
    ║ Please run the following command to download new browsers:              ║
    ║                                                                         ║
    ║     npx playwright install                                              ║
    ║                                                                         ║
    ║ <3 Playwright Team                                                      ║
    ╚═════════════════════════════════════════════════════════════════════════╝
]]>
</failure>
</testcase>
<testcase name="Home Page › footer CTA section exists" classname="home.spec.ts" time="0.005">
<failure message="home.spec.ts:42:7 footer CTA section exists" type="FAILURE">
<![CDATA[  [chromium] › home.spec.ts:42:7 › Home Page › footer CTA section exists ───────────────────────────

    Error: browserType.launch: Executable doesn't exist at /Users/hatem/Library/Caches/ms-playwright/chromium_headless_shell-1187/chrome-mac/headless_shell
    ╔═════════════════════════════════════════════════════════════════════════╗
    ║ Looks like Playwright Test or Playwright was just installed or updated. ║
    ║ Please run the following command to download new browsers:              ║
    ║                                                                         ║
    ║     npx playwright install                                              ║
    ║                                                                         ║
    ║ <3 Playwright Team                                                      ║
    ╚═════════════════════════════════════════════════════════════════════════╝
]]>
</failure>
</testcase>
<testcase name="Home Page › ribbon and language selector work" classname="home.spec.ts" time="0.005">
<failure message="home.spec.ts:49:7 ribbon and language selector work" type="FAILURE">
<![CDATA[  [chromium] › home.spec.ts:49:7 › Home Page › ribbon and language selector work ───────────────────

    Error: browserType.launch: Executable doesn't exist at /Users/hatem/Library/Caches/ms-playwright/chromium_headless_shell-1187/chrome-mac/headless_shell
    ╔═════════════════════════════════════════════════════════════════════════╗
    ║ Looks like Playwright Test or Playwright was just installed or updated. ║
    ║ Please run the following command to download new browsers:              ║
    ║                                                                         ║
    ║     npx playwright install                                              ║
    ║                                                                         ║
    ║ <3 Playwright Team                                                      ║
    ╚═════════════════════════════════════════════════════════════════════════╝
]]>
</failure>
</testcase>
</testsuite>
<testsuite name="pages.spec.ts" timestamp="2025-09-04T22:31:42.664Z" hostname="chromium" tests="18" failures="18" skipped="0" time="0.088" errors="0">
<testcase name="Business Page › displays business hero section" classname="pages.spec.ts" time="0.005">
<failure message="pages.spec.ts:8:7 displays business hero section" type="FAILURE">
<![CDATA[  [chromium] › pages.spec.ts:8:7 › Business Page › displays business hero section ──────────────────

    Error: browserType.launch: Executable doesn't exist at /Users/hatem/Library/Caches/ms-playwright/chromium_headless_shell-1187/chrome-mac/headless_shell
    ╔═════════════════════════════════════════════════════════════════════════╗
    ║ Looks like Playwright Test or Playwright was just installed or updated. ║
    ║ Please run the following command to download new browsers:              ║
    ║                                                                         ║
    ║     npx playwright install                                              ║
    ║                                                                         ║
    ║ <3 Playwright Team                                                      ║
    ╚═════════════════════════════════════════════════════════════════════════╝
]]>
</failure>
</testcase>
<testcase name="Business Page › shows business structure options" classname="pages.spec.ts" time="0.005">
<failure message="pages.spec.ts:13:7 shows business structure options" type="FAILURE">
<![CDATA[  [chromium] › pages.spec.ts:13:7 › Business Page › shows business structure options ───────────────

    Error: browserType.launch: Executable doesn't exist at /Users/hatem/Library/Caches/ms-playwright/chromium_headless_shell-1187/chrome-mac/headless_shell
    ╔═════════════════════════════════════════════════════════════════════════╗
    ║ Looks like Playwright Test or Playwright was just installed or updated. ║
    ║ Please run the following command to download new browsers:              ║
    ║                                                                         ║
    ║     npx playwright install                                              ║
    ║                                                                         ║
    ║ <3 Playwright Team                                                      ║
    ╚═════════════════════════════════════════════════════════════════════════╝
]]>
</failure>
</testcase>
<testcase name="Business Page › displays investment opportunities" classname="pages.spec.ts" time="0.006">
<failure message="pages.spec.ts:20:7 displays investment opportunities" type="FAILURE">
<![CDATA[  [chromium] › pages.spec.ts:20:7 › Business Page › displays investment opportunities ──────────────

    Error: browserType.launch: Executable doesn't exist at /Users/hatem/Library/Caches/ms-playwright/chromium_headless_shell-1187/chrome-mac/headless_shell
    ╔═════════════════════════════════════════════════════════════════════════╗
    ║ Looks like Playwright Test or Playwright was just installed or updated. ║
    ║ Please run the following command to download new browsers:              ║
    ║                                                                         ║
    ║     npx playwright install                                              ║
    ║                                                                         ║
    ║ <3 Playwright Team                                                      ║
    ╚═════════════════════════════════════════════════════════════════════════╝
]]>
</failure>
</testcase>
<testcase name="Business Page › shows step-by-step process" classname="pages.spec.ts" time="0.006">
<failure message="pages.spec.ts:28:7 shows step-by-step process" type="FAILURE">
<![CDATA[  [chromium] › pages.spec.ts:28:7 › Business Page › shows step-by-step process ─────────────────────

    Error: browserType.launch: Executable doesn't exist at /Users/hatem/Library/Caches/ms-playwright/chromium_headless_shell-1187/chrome-mac/headless_shell
    ╔═════════════════════════════════════════════════════════════════════════╗
    ║ Looks like Playwright Test or Playwright was just installed or updated. ║
    ║ Please run the following command to download new browsers:              ║
    ║                                                                         ║
    ║     npx playwright install                                              ║
    ║                                                                         ║
    ║ <3 Playwright Team                                                      ║
    ╚═════════════════════════════════════════════════════════════════════════╝
]]>
</failure>
</testcase>
<testcase name="Business Page › displays resources section" classname="pages.spec.ts" time="0.006">
<failure message="pages.spec.ts:36:7 displays resources section" type="FAILURE">
<![CDATA[  [chromium] › pages.spec.ts:36:7 › Business Page › displays resources section ─────────────────────

    Error: browserType.launch: Executable doesn't exist at /Users/hatem/Library/Caches/ms-playwright/chromium_headless_shell-1187/chrome-mac/headless_shell
    ╔═════════════════════════════════════════════════════════════════════════╗
    ║ Looks like Playwright Test or Playwright was just installed or updated. ║
    ║ Please run the following command to download new browsers:              ║
    ║                                                                         ║
    ║     npx playwright install                                              ║
    ║                                                                         ║
    ║ <3 Playwright Team                                                      ║
    ╚═════════════════════════════════════════════════════════════════════════╝
]]>
</failure>
</testcase>
<testcase name="Business Page › resource links are properly formatted" classname="pages.spec.ts" time="0.004">
<failure message="pages.spec.ts:43:7 resource links are properly formatted" type="FAILURE">
<![CDATA[  [chromium] › pages.spec.ts:43:7 › Business Page › resource links are properly formatted ──────────

    Error: browserType.launch: Executable doesn't exist at /Users/hatem/Library/Caches/ms-playwright/chromium_headless_shell-1187/chrome-mac/headless_shell
    ╔═════════════════════════════════════════════════════════════════════════╗
    ║ Looks like Playwright Test or Playwright was just installed or updated. ║
    ║ Please run the following command to download new browsers:              ║
    ║                                                                         ║
    ║     npx playwright install                                              ║
    ║                                                                         ║
    ║ <3 Playwright Team                                                      ║
    ╚═════════════════════════════════════════════════════════════════════════╝
]]>
</failure>
</testcase>
<testcase name="Work Page › displays work hero section" classname="pages.spec.ts" time="0.005">
<failure message="pages.spec.ts:61:7 displays work hero section" type="FAILURE">
<![CDATA[  [chromium] › pages.spec.ts:61:7 › Work Page › displays work hero section ─────────────────────────

    Error: browserType.launch: Executable doesn't exist at /Users/hatem/Library/Caches/ms-playwright/chromium_headless_shell-1187/chrome-mac/headless_shell
    ╔═════════════════════════════════════════════════════════════════════════╗
    ║ Looks like Playwright Test or Playwright was just installed or updated. ║
    ║ Please run the following command to download new browsers:              ║
    ║                                                                         ║
    ║     npx playwright install                                              ║
    ║                                                                         ║
    ║ <3 Playwright Team                                                      ║
    ╚═════════════════════════════════════════════════════════════════════════╝
]]>
</failure>
</testcase>
<testcase name="Work Page › shows work visa types" classname="pages.spec.ts" time="0.004">
<failure message="pages.spec.ts:66:7 shows work visa types" type="FAILURE">
<![CDATA[  [chromium] › pages.spec.ts:66:7 › Work Page › shows work visa types ──────────────────────────────

    Error: browserType.launch: Executable doesn't exist at /Users/hatem/Library/Caches/ms-playwright/chromium_headless_shell-1187/chrome-mac/headless_shell
    ╔═════════════════════════════════════════════════════════════════════════╗
    ║ Looks like Playwright Test or Playwright was just installed or updated. ║
    ║ Please run the following command to download new browsers:              ║
    ║                                                                         ║
    ║     npx playwright install                                              ║
    ║                                                                         ║
    ║ <3 Playwright Team                                                      ║
    ╚═════════════════════════════════════════════════════════════════════════╝
]]>
</failure>
</testcase>
<testcase name="Work Page › displays job markets section" classname="pages.spec.ts" time="0.004">
<failure message="pages.spec.ts:70:7 displays job markets section" type="FAILURE">
<![CDATA[  [chromium] › pages.spec.ts:70:7 › Work Page › displays job markets section ───────────────────────

    Error: browserType.launch: Executable doesn't exist at /Users/hatem/Library/Caches/ms-playwright/chromium_headless_shell-1187/chrome-mac/headless_shell
    ╔═════════════════════════════════════════════════════════════════════════╗
    ║ Looks like Playwright Test or Playwright was just installed or updated. ║
    ║ Please run the following command to download new browsers:              ║
    ║                                                                         ║
    ║     npx playwright install                                              ║
    ║                                                                         ║
    ║ <3 Playwright Team                                                      ║
    ╚═════════════════════════════════════════════════════════════════════════╝
]]>
</failure>
</testcase>
<testcase name="Work Page › shows work steps process" classname="pages.spec.ts" time="0.007">
<failure message="pages.spec.ts:74:7 shows work steps process" type="FAILURE">
<![CDATA[  [chromium] › pages.spec.ts:74:7 › Work Page › shows work steps process ───────────────────────────

    Error: browserType.launch: Executable doesn't exist at /Users/hatem/Library/Caches/ms-playwright/chromium_headless_shell-1187/chrome-mac/headless_shell
    ╔═════════════════════════════════════════════════════════════════════════╗
    ║ Looks like Playwright Test or Playwright was just installed or updated. ║
    ║ Please run the following command to download new browsers:              ║
    ║                                                                         ║
    ║     npx playwright install                                              ║
    ║                                                                         ║
    ║ <3 Playwright Team                                                      ║
    ╚═════════════════════════════════════════════════════════════════════════╝
]]>
</failure>
</testcase>
<testcase name="Study Page › displays study hero section" classname="pages.spec.ts" time="0.005">
<failure message="pages.spec.ts:88:7 displays study hero section" type="FAILURE">
<![CDATA[  [chromium] › pages.spec.ts:88:7 › Study Page › displays study hero section ───────────────────────

    Error: browserType.launch: Executable doesn't exist at /Users/hatem/Library/Caches/ms-playwright/chromium_headless_shell-1187/chrome-mac/headless_shell
    ╔═════════════════════════════════════════════════════════════════════════╗
    ║ Looks like Playwright Test or Playwright was just installed or updated. ║
    ║ Please run the following command to download new browsers:              ║
    ║                                                                         ║
    ║     npx playwright install                                              ║
    ║                                                                         ║
    ║ <3 Playwright Team                                                      ║
    ╚═════════════════════════════════════════════════════════════════════════╝
]]>
</failure>
</testcase>
<testcase name="Study Page › shows academic pathways" classname="pages.spec.ts" time="0.004">
<failure message="pages.spec.ts:93:7 shows academic pathways" type="FAILURE">
<![CDATA[  [chromium] › pages.spec.ts:93:7 › Study Page › shows academic pathways ───────────────────────────

    Error: browserType.launch: Executable doesn't exist at /Users/hatem/Library/Caches/ms-playwright/chromium_headless_shell-1187/chrome-mac/headless_shell
    ╔═════════════════════════════════════════════════════════════════════════╗
    ║ Looks like Playwright Test or Playwright was just installed or updated. ║
    ║ Please run the following command to download new browsers:              ║
    ║                                                                         ║
    ║     npx playwright install                                              ║
    ║                                                                         ║
    ║ <3 Playwright Team                                                      ║
    ╚═════════════════════════════════════════════════════════════════════════╝
]]>
</failure>
</testcase>
<testcase name="Study Page › displays university filters" classname="pages.spec.ts" time="0.004">
<failure message="pages.spec.ts:100:7 displays university filters" type="FAILURE">
<![CDATA[  [chromium] › pages.spec.ts:100:7 › Study Page › displays university filters ──────────────────────

    Error: browserType.launch: Executable doesn't exist at /Users/hatem/Library/Caches/ms-playwright/chromium_headless_shell-1187/chrome-mac/headless_shell
    ╔═════════════════════════════════════════════════════════════════════════╗
    ║ Looks like Playwright Test or Playwright was just installed or updated. ║
    ║ Please run the following command to download new browsers:              ║
    ║                                                                         ║
    ║     npx playwright install                                              ║
    ║                                                                         ║
    ║ <3 Playwright Team                                                      ║
    ╚═════════════════════════════════════════════════════════════════════════╝
]]>
</failure>
</testcase>
<testcase name="Study Page › shows study essentials section" classname="pages.spec.ts" time="0.004">
<failure message="pages.spec.ts:105:7 shows study essentials section" type="FAILURE">
<![CDATA[  [chromium] › pages.spec.ts:105:7 › Study Page › shows study essentials section ───────────────────

    Error: browserType.launch: Executable doesn't exist at /Users/hatem/Library/Caches/ms-playwright/chromium_headless_shell-1187/chrome-mac/headless_shell
    ╔═════════════════════════════════════════════════════════════════════════╗
    ║ Looks like Playwright Test or Playwright was just installed or updated. ║
    ║ Please run the following command to download new browsers:              ║
    ║                                                                         ║
    ║     npx playwright install                                              ║
    ║                                                                         ║
    ║ <3 Playwright Team                                                      ║
    ╚═════════════════════════════════════════════════════════════════════════╝
]]>
</failure>
</testcase>
<testcase name="Travel Page › displays travel hero section" classname="pages.spec.ts" time="0.005">
<failure message="pages.spec.ts:119:7 displays travel hero section" type="FAILURE">
<![CDATA[  [chromium] › pages.spec.ts:119:7 › Travel Page › displays travel hero section ────────────────────

    Error: browserType.launch: Executable doesn't exist at /Users/hatem/Library/Caches/ms-playwright/chromium_headless_shell-1187/chrome-mac/headless_shell
    ╔═════════════════════════════════════════════════════════════════════════╗
    ║ Looks like Playwright Test or Playwright was just installed or updated. ║
    ║ Please run the following command to download new browsers:              ║
    ║                                                                         ║
    ║     npx playwright install                                              ║
    ║                                                                         ║
    ║ <3 Playwright Team                                                      ║
    ╚═════════════════════════════════════════════════════════════════════════╝
]]>
</failure>
</testcase>
<testcase name="Travel Page › shows featured itineraries" classname="pages.spec.ts" time="0.005">
<failure message="pages.spec.ts:124:7 shows featured itineraries" type="FAILURE">
<![CDATA[  [chromium] › pages.spec.ts:124:7 › Travel Page › shows featured itineraries ──────────────────────

    Error: browserType.launch: Executable doesn't exist at /Users/hatem/Library/Caches/ms-playwright/chromium_headless_shell-1187/chrome-mac/headless_shell
    ╔═════════════════════════════════════════════════════════════════════════╗
    ║ Looks like Playwright Test or Playwright was just installed or updated. ║
    ║ Please run the following command to download new browsers:              ║
    ║                                                                         ║
    ║     npx playwright install                                              ║
    ║                                                                         ║
    ║ <3 Playwright Team                                                      ║
    ╚═════════════════════════════════════════════════════════════════════════╝
]]>
</failure>
</testcase>
<testcase name="Travel Page › displays travel essentials" classname="pages.spec.ts" time="0.005">
<failure message="pages.spec.ts:128:7 displays travel essentials" type="FAILURE">
<![CDATA[  [chromium] › pages.spec.ts:128:7 › Travel Page › displays travel essentials ──────────────────────

    Error: browserType.launch: Executable doesn't exist at /Users/hatem/Library/Caches/ms-playwright/chromium_headless_shell-1187/chrome-mac/headless_shell
    ╔═════════════════════════════════════════════════════════════════════════╗
    ║ Looks like Playwright Test or Playwright was just installed or updated. ║
    ║ Please run the following command to download new browsers:              ║
    ║                                                                         ║
    ║     npx playwright install                                              ║
    ║                                                                         ║
    ║ <3 Playwright Team                                                      ║
    ╚═════════════════════════════════════════════════════════════════════════╝
]]>
</failure>
</testcase>
<testcase name="Travel Page › shows transportation options" classname="pages.spec.ts" time="0.004">
<failure message="pages.spec.ts:132:7 shows transportation options" type="FAILURE">
<![CDATA[  [chromium] › pages.spec.ts:132:7 › Travel Page › shows transportation options ────────────────────

    Error: browserType.launch: Executable doesn't exist at /Users/hatem/Library/Caches/ms-playwright/chromium_headless_shell-1187/chrome-mac/headless_shell
    ╔═════════════════════════════════════════════════════════════════════════╗
    ║ Looks like Playwright Test or Playwright was just installed or updated. ║
    ║ Please run the following command to download new browsers:              ║
    ║                                                                         ║
    ║     npx playwright install                                              ║
    ║                                                                         ║
    ║ <3 Playwright Team                                                      ║
    ╚═════════════════════════════════════════════════════════════════════════╝
]]>
</failure>
</testcase>
</testsuite>
<testsuite name="functionality.spec.ts" timestamp="2025-09-04T22:31:42.664Z" hostname="firefox" tests="14" failures="14" skipped="0" time="0.072" errors="0">
<testcase name="Visa Page › displays visa hero section" classname="functionality.spec.ts" time="0.007">
<failure message="functionality.spec.ts:8:7 displays visa hero section" type="FAILURE">
<![CDATA[  [firefox] › functionality.spec.ts:8:7 › Visa Page › displays visa hero section ───────────────────

    Error: browserType.launch: Executable doesn't exist at /Users/hatem/Library/Caches/ms-playwright/firefox-1490/firefox/Nightly.app/Contents/MacOS/firefox
    ╔═════════════════════════════════════════════════════════════════════════╗
    ║ Looks like Playwright Test or Playwright was just installed or updated. ║
    ║ Please run the following command to download new browsers:              ║
    ║                                                                         ║
    ║     npx playwright install                                              ║
    ║                                                                         ║
    ║ <3 Playwright Team                                                      ║
    ╚═════════════════════════════════════════════════════════════════════════╝
]]>
</failure>
</testcase>
<testcase name="Visa Page › shows visa types section" classname="functionality.spec.ts" time="0.004">
<failure message="functionality.spec.ts:13:7 shows visa types section" type="FAILURE">
<![CDATA[  [firefox] › functionality.spec.ts:13:7 › Visa Page › shows visa types section ────────────────────

    Error: browserType.launch: Executable doesn't exist at /Users/hatem/Library/Caches/ms-playwright/firefox-1490/firefox/Nightly.app/Contents/MacOS/firefox
    ╔═════════════════════════════════════════════════════════════════════════╗
    ║ Looks like Playwright Test or Playwright was just installed or updated. ║
    ║ Please run the following command to download new browsers:              ║
    ║                                                                         ║
    ║     npx playwright install                                              ║
    ║                                                                         ║
    ║ <3 Playwright Team                                                      ║
    ╚═════════════════════════════════════════════════════════════════════════╝
]]>
</failure>
</testcase>
<testcase name="Visa Page › displays visa checklist" classname="functionality.spec.ts" time="0.004">
<failure message="functionality.spec.ts:17:7 displays visa checklist" type="FAILURE">
<![CDATA[  [firefox] › functionality.spec.ts:17:7 › Visa Page › displays visa checklist ─────────────────────

    Error: browserType.launch: Executable doesn't exist at /Users/hatem/Library/Caches/ms-playwright/firefox-1490/firefox/Nightly.app/Contents/MacOS/firefox
    ╔═════════════════════════════════════════════════════════════════════════╗
    ║ Looks like Playwright Test or Playwright was just installed or updated. ║
    ║ Please run the following command to download new browsers:              ║
    ║                                                                         ║
    ║     npx playwright install                                              ║
    ║                                                                         ║
    ║ <3 Playwright Team                                                      ║
    ╚═════════════════════════════════════════════════════════════════════════╝
]]>
</failure>
</testcase>
<testcase name="Visa Page › shows official sources" classname="functionality.spec.ts" time="0.006">
<failure message="functionality.spec.ts:21:7 shows official sources" type="FAILURE">
<![CDATA[  [firefox] › functionality.spec.ts:21:7 › Visa Page › shows official sources ──────────────────────

    Error: browserType.launch: Executable doesn't exist at /Users/hatem/Library/Caches/ms-playwright/firefox-1490/firefox/Nightly.app/Contents/MacOS/firefox
    ╔═════════════════════════════════════════════════════════════════════════╗
    ║ Looks like Playwright Test or Playwright was just installed or updated. ║
    ║ Please run the following command to download new browsers:              ║
    ║                                                                         ║
    ║     npx playwright install                                              ║
    ║                                                                         ║
    ║ <3 Playwright Team                                                      ║
    ╚═════════════════════════════════════════════════════════════════════════╝
]]>
</failure>
</testcase>
<testcase name="Visa Page › checklist download functionality" classname="functionality.spec.ts" time="0.006">
<failure message="functionality.spec.ts:25:7 checklist download functionality" type="FAILURE">
<![CDATA[  [firefox] › functionality.spec.ts:25:7 › Visa Page › checklist download functionality ────────────

    Error: browserType.launch: Executable doesn't exist at /Users/hatem/Library/Caches/ms-playwright/firefox-1490/firefox/Nightly.app/Contents/MacOS/firefox
    ╔═════════════════════════════════════════════════════════════════════════╗
    ║ Looks like Playwright Test or Playwright was just installed or updated. ║
    ║ Please run the following command to download new browsers:              ║
    ║                                                                         ║
    ║     npx playwright install                                              ║
    ║                                                                         ║
    ║ <3 Playwright Team                                                      ║
    ╚═════════════════════════════════════════════════════════════════════════╝
]]>
</failure>
</testcase>
<testcase name="Internationalization › Romanian language pages load correctly" classname="functionality.spec.ts" time="0.005">
<failure message="functionality.spec.ts:35:7 Romanian language pages load correctly" type="FAILURE">
<![CDATA[  [firefox] › functionality.spec.ts:35:7 › Internationalization › Romanian language pages load correctly 

    Error: browserType.launch: Executable doesn't exist at /Users/hatem/Library/Caches/ms-playwright/firefox-1490/firefox/Nightly.app/Contents/MacOS/firefox
    ╔═════════════════════════════════════════════════════════════════════════╗
    ║ Looks like Playwright Test or Playwright was just installed or updated. ║
    ║ Please run the following command to download new browsers:              ║
    ║                                                                         ║
    ║     npx playwright install                                              ║
    ║                                                                         ║
    ║ <3 Playwright Team                                                      ║
    ╚═════════════════════════════════════════════════════════════════════════╝
]]>
</failure>
</testcase>
<testcase name="Internationalization › language switcher maintains page context" classname="functionality.spec.ts" time="0.006">
<failure message="functionality.spec.ts:53:7 language switcher maintains page context" type="FAILURE">
<![CDATA[  [firefox] › functionality.spec.ts:53:7 › Internationalization › language switcher maintains page context 

    Error: browserType.launch: Executable doesn't exist at /Users/hatem/Library/Caches/ms-playwright/firefox-1490/firefox/Nightly.app/Contents/MacOS/firefox
    ╔═════════════════════════════════════════════════════════════════════════╗
    ║ Looks like Playwright Test or Playwright was just installed or updated. ║
    ║ Please run the following command to download new browsers:              ║
    ║                                                                         ║
    ║     npx playwright install                                              ║
    ║                                                                         ║
    ║ <3 Playwright Team                                                      ║
    ╚═════════════════════════════════════════════════════════════════════════╝
]]>
</failure>
</testcase>
<testcase name="Accessibility › keyboard navigation works" classname="functionality.spec.ts" time="0.005">
<failure message="functionality.spec.ts:75:7 keyboard navigation works" type="FAILURE">
<![CDATA[  [firefox] › functionality.spec.ts:75:7 › Accessibility › keyboard navigation works ───────────────

    Error: browserType.launch: Executable doesn't exist at /Users/hatem/Library/Caches/ms-playwright/firefox-1490/firefox/Nightly.app/Contents/MacOS/firefox
    ╔═════════════════════════════════════════════════════════════════════════╗
    ║ Looks like Playwright Test or Playwright was just installed or updated. ║
    ║ Please run the following command to download new browsers:              ║
    ║                                                                         ║
    ║     npx playwright install                                              ║
    ║                                                                         ║
    ║ <3 Playwright Team                                                      ║
    ╚═════════════════════════════════════════════════════════════════════════╝
]]>
</failure>
</testcase>
<testcase name="Accessibility › images have alt text" classname="functionality.spec.ts" time="0.004">
<failure message="functionality.spec.ts:87:7 images have alt text" type="FAILURE">
<![CDATA[  [firefox] › functionality.spec.ts:87:7 › Accessibility › images have alt text ────────────────────

    Error: browserType.launch: Executable doesn't exist at /Users/hatem/Library/Caches/ms-playwright/firefox-1490/firefox/Nightly.app/Contents/MacOS/firefox
    ╔═════════════════════════════════════════════════════════════════════════╗
    ║ Looks like Playwright Test or Playwright was just installed or updated. ║
    ║ Please run the following command to download new browsers:              ║
    ║                                                                         ║
    ║     npx playwright install                                              ║
    ║                                                                         ║
    ║ <3 Playwright Team                                                      ║
    ╚═════════════════════════════════════════════════════════════════════════╝
]]>
</failure>
</testcase>
<testcase name="Accessibility › buttons have accessible names" classname="functionality.spec.ts" time="0.005">
<failure message="functionality.spec.ts:103:7 buttons have accessible names" type="FAILURE">
<![CDATA[  [firefox] › functionality.spec.ts:103:7 › Accessibility › buttons have accessible names ──────────

    Error: browserType.launch: Executable doesn't exist at /Users/hatem/Library/Caches/ms-playwright/firefox-1490/firefox/Nightly.app/Contents/MacOS/firefox
    ╔═════════════════════════════════════════════════════════════════════════╗
    ║ Looks like Playwright Test or Playwright was just installed or updated. ║
    ║ Please run the following command to download new browsers:              ║
    ║                                                                         ║
    ║     npx playwright install                                              ║
    ║                                                                         ║
    ║ <3 Playwright Team                                                      ║
    ╚═════════════════════════════════════════════════════════════════════════╝
]]>
</failure>
</testcase>
<testcase name="Performance › pages load within reasonable time" classname="functionality.spec.ts" time="0.004">
<failure message="functionality.spec.ts:121:7 pages load within reasonable time" type="FAILURE">
<![CDATA[  [firefox] › functionality.spec.ts:121:7 › Performance › pages load within reasonable time ────────

    Error: browserType.launch: Executable doesn't exist at /Users/hatem/Library/Caches/ms-playwright/firefox-1490/firefox/Nightly.app/Contents/MacOS/firefox
    ╔═════════════════════════════════════════════════════════════════════════╗
    ║ Looks like Playwright Test or Playwright was just installed or updated. ║
    ║ Please run the following command to download new browsers:              ║
    ║                                                                         ║
    ║     npx playwright install                                              ║
    ║                                                                         ║
    ║ <3 Playwright Team                                                      ║
    ╚═════════════════════════════════════════════════════════════════════════╝
]]>
</failure>
</testcase>
<testcase name="Performance › no console errors on main pages" classname="functionality.spec.ts" time="0.004">
<failure message="functionality.spec.ts:134:7 no console errors on main pages" type="FAILURE">
<![CDATA[  [firefox] › functionality.spec.ts:134:7 › Performance › no console errors on main pages ──────────

    Error: browserType.launch: Executable doesn't exist at /Users/hatem/Library/Caches/ms-playwright/firefox-1490/firefox/Nightly.app/Contents/MacOS/firefox
    ╔═════════════════════════════════════════════════════════════════════════╗
    ║ Looks like Playwright Test or Playwright was just installed or updated. ║
    ║ Please run the following command to download new browsers:              ║
    ║                                                                         ║
    ║     npx playwright install                                              ║
    ║                                                                         ║
    ║ <3 Playwright Team                                                      ║
    ╚═════════════════════════════════════════════════════════════════════════╝
]]>
</failure>
</testcase>
<testcase name="Links and Navigation › external links open in new tabs" classname="functionality.spec.ts" time="0.005">
<failure message="functionality.spec.ts:153:7 external links open in new tabs" type="FAILURE">
<![CDATA[  [firefox] › functionality.spec.ts:153:7 › Links and Navigation › external links open in new tabs ─

    Error: browserType.launch: Executable doesn't exist at /Users/hatem/Library/Caches/ms-playwright/firefox-1490/firefox/Nightly.app/Contents/MacOS/firefox
    ╔═════════════════════════════════════════════════════════════════════════╗
    ║ Looks like Playwright Test or Playwright was just installed or updated. ║
    ║ Please run the following command to download new browsers:              ║
    ║                                                                         ║
    ║     npx playwright install                                              ║
    ║                                                                         ║
    ║ <3 Playwright Team                                                      ║
    ╚═════════════════════════════════════════════════════════════════════════╝
]]>
</failure>
</testcase>
<testcase name="Links and Navigation › internal navigation works correctly" classname="functionality.spec.ts" time="0.007">
<failure message="functionality.spec.ts:174:7 internal navigation works correctly" type="FAILURE">
<![CDATA[  [firefox] › functionality.spec.ts:174:7 › Links and Navigation › internal navigation works correctly 

    Error: browserType.launch: Executable doesn't exist at /Users/hatem/Library/Caches/ms-playwright/firefox-1490/firefox/Nightly.app/Contents/MacOS/firefox
    ╔═════════════════════════════════════════════════════════════════════════╗
    ║ Looks like Playwright Test or Playwright was just installed or updated. ║
    ║ Please run the following command to download new browsers:              ║
    ║                                                                         ║
    ║     npx playwright install                                              ║
    ║                                                                         ║
    ║ <3 Playwright Team                                                      ║
    ╚═════════════════════════════════════════════════════════════════════════╝
]]>
</failure>
</testcase>
</testsuite>
<testsuite name="health.spec.ts" timestamp="2025-09-04T22:31:42.664Z" hostname="firefox" tests="7" failures="7" skipped="0" time="0.053" errors="0">
<testcase name="Health Checks › homepage loads successfully" classname="health.spec.ts" time="0.004">
<failure message="health.spec.ts:4:7 homepage loads successfully" type="FAILURE">
<![CDATA[  [firefox] › health.spec.ts:4:7 › Health Checks › homepage loads successfully ─────────────────────

    Error: browserType.launch: Executable doesn't exist at /Users/hatem/Library/Caches/ms-playwright/firefox-1490/firefox/Nightly.app/Contents/MacOS/firefox
    ╔═════════════════════════════════════════════════════════════════════════╗
    ║ Looks like Playwright Test or Playwright was just installed or updated. ║
    ║ Please run the following command to download new browsers:              ║
    ║                                                                         ║
    ║     npx playwright install                                              ║
    ║                                                                         ║
    ║ <3 Playwright Team                                                      ║
    ╚═════════════════════════════════════════════════════════════════════════╝
]]>
</failure>
</testcase>
<testcase name="Health Checks › all main navigation pages load" classname="health.spec.ts" time="0.011">
<failure message="health.spec.ts:10:7 all main navigation pages load" type="FAILURE">
<![CDATA[  [firefox] › health.spec.ts:10:7 › Health Checks › all main navigation pages load ─────────────────

    Error: browserType.launch: Executable doesn't exist at /Users/hatem/Library/Caches/ms-playwright/firefox-1490/firefox/Nightly.app/Contents/MacOS/firefox
    ╔═════════════════════════════════════════════════════════════════════════╗
    ║ Looks like Playwright Test or Playwright was just installed or updated. ║
    ║ Please run the following command to download new browsers:              ║
    ║                                                                         ║
    ║     npx playwright install                                              ║
    ║                                                                         ║
    ║ <3 Playwright Team                                                      ║
    ╚═════════════════════════════════════════════════════════════════════════╝
]]>
</failure>
</testcase>
<testcase name="Health Checks › language switching works" classname="health.spec.ts" time="0.006">
<failure message="health.spec.ts:27:7 language switching works" type="FAILURE">
<![CDATA[  [firefox] › health.spec.ts:27:7 › Health Checks › language switching works ───────────────────────

    Error: browserType.launch: Executable doesn't exist at /Users/hatem/Library/Caches/ms-playwright/firefox-1490/firefox/Nightly.app/Contents/MacOS/firefox
    ╔═════════════════════════════════════════════════════════════════════════╗
    ║ Looks like Playwright Test or Playwright was just installed or updated. ║
    ║ Please run the following command to download new browsers:              ║
    ║                                                                         ║
    ║     npx playwright install                                              ║
    ║                                                                         ║
    ║ <3 Playwright Team                                                      ║
    ╚═════════════════════════════════════════════════════════════════════════╝
]]>
</failure>
</testcase>
<testcase name="Health Checks › legal pages are accessible" classname="health.spec.ts" time="0.012">
<failure message="health.spec.ts:41:7 legal pages are accessible" type="FAILURE">
<![CDATA[  [firefox] › health.spec.ts:41:7 › Health Checks › legal pages are accessible ─────────────────────

    Error: browserType.launch: Executable doesn't exist at /Users/hatem/Library/Caches/ms-playwright/firefox-1490/firefox/Nightly.app/Contents/MacOS/firefox
    ╔═════════════════════════════════════════════════════════════════════════╗
    ║ Looks like Playwright Test or Playwright was just installed or updated. ║
    ║ Please run the following command to download new browsers:              ║
    ║                                                                         ║
    ║     npx playwright install                                              ║
    ║                                                                         ║
    ║ <3 Playwright Team                                                      ║
    ╚═════════════════════════════════════════════════════════════════════════╝
]]>
</failure>
</testcase>
<testcase name="Health Checks › footer links work" classname="health.spec.ts" time="0.007">
<failure message="health.spec.ts:51:7 footer links work" type="FAILURE">
<![CDATA[  [firefox] › health.spec.ts:51:7 › Health Checks › footer links work ──────────────────────────────

    Error: browserType.launch: Executable doesn't exist at /Users/hatem/Library/Caches/ms-playwright/firefox-1490/firefox/Nightly.app/Contents/MacOS/firefox
    ╔═════════════════════════════════════════════════════════════════════════╗
    ║ Looks like Playwright Test or Playwright was just installed or updated. ║
    ║ Please run the following command to download new browsers:              ║
    ║                                                                         ║
    ║     npx playwright install                                              ║
    ║                                                                         ║
    ║ <3 Playwright Team                                                      ║
    ╚═════════════════════════════════════════════════════════════════════════╝
]]>
</failure>
</testcase>
<testcase name="Health Checks › back button functionality" classname="health.spec.ts" time="0.006">
<failure message="health.spec.ts:65:7 back button functionality" type="FAILURE">
<![CDATA[  [firefox] › health.spec.ts:65:7 › Health Checks › back button functionality ──────────────────────

    Error: browserType.launch: Executable doesn't exist at /Users/hatem/Library/Caches/ms-playwright/firefox-1490/firefox/Nightly.app/Contents/MacOS/firefox
    ╔═════════════════════════════════════════════════════════════════════════╗
    ║ Looks like Playwright Test or Playwright was just installed or updated. ║
    ║ Please run the following command to download new browsers:              ║
    ║                                                                         ║
    ║     npx playwright install                                              ║
    ║                                                                         ║
    ║ <3 Playwright Team                                                      ║
    ╚═════════════════════════════════════════════════════════════════════════╝
]]>
</failure>
</testcase>
<testcase name="Health Checks › responsive design works" classname="health.spec.ts" time="0.007">
<failure message="health.spec.ts:79:7 responsive design works" type="FAILURE">
<![CDATA[  [firefox] › health.spec.ts:79:7 › Health Checks › responsive design works ────────────────────────

    Error: browserType.launch: Executable doesn't exist at /Users/hatem/Library/Caches/ms-playwright/firefox-1490/firefox/Nightly.app/Contents/MacOS/firefox
    ╔═════════════════════════════════════════════════════════════════════════╗
    ║ Looks like Playwright Test or Playwright was just installed or updated. ║
    ║ Please run the following command to download new browsers:              ║
    ║                                                                         ║
    ║     npx playwright install                                              ║
    ║                                                                         ║
    ║ <3 Playwright Team                                                      ║
    ╚═════════════════════════════════════════════════════════════════════════╝
]]>
</failure>
</testcase>
</testsuite>
<testsuite name="home.spec.ts" timestamp="2025-09-04T22:31:42.664Z" hostname="firefox" tests="5" failures="5" skipped="0" time="0.038" errors="0">
<testcase name="Home Page › displays main hero content" classname="home.spec.ts" time="0.009">
<failure message="home.spec.ts:4:7 displays main hero content" type="FAILURE">
<![CDATA[  [firefox] › home.spec.ts:4:7 › Home Page › displays main hero content ────────────────────────────

    Error: browserType.launch: Executable doesn't exist at /Users/hatem/Library/Caches/ms-playwright/firefox-1490/firefox/Nightly.app/Contents/MacOS/firefox
    ╔═════════════════════════════════════════════════════════════════════════╗
    ║ Looks like Playwright Test or Playwright was just installed or updated. ║
    ║ Please run the following command to download new browsers:              ║
    ║                                                                         ║
    ║     npx playwright install                                              ║
    ║                                                                         ║
    ║ <3 Playwright Team                                                      ║
    ╚═════════════════════════════════════════════════════════════════════════╝
]]>
</failure>
</testcase>
<testcase name="Home Page › shows value pillars" classname="home.spec.ts" time="0.006">
<failure message="home.spec.ts:13:7 shows value pillars" type="FAILURE">
<![CDATA[  [firefox] › home.spec.ts:13:7 › Home Page › shows value pillars ──────────────────────────────────

    Error: browserType.launch: Executable doesn't exist at /Users/hatem/Library/Caches/ms-playwright/firefox-1490/firefox/Nightly.app/Contents/MacOS/firefox
    ╔═════════════════════════════════════════════════════════════════════════╗
    ║ Looks like Playwright Test or Playwright was just installed or updated. ║
    ║ Please run the following command to download new browsers:              ║
    ║                                                                         ║
    ║     npx playwright install                                              ║
    ║                                                                         ║
    ║ <3 Playwright Team                                                      ║
    ╚═════════════════════════════════════════════════════════════════════════╝
]]>
</failure>
</testcase>
<testcase name="Home Page › navigation cards are functional" classname="home.spec.ts" time="0.006">
<failure message="home.spec.ts:23:7 navigation cards are functional" type="FAILURE">
<![CDATA[  [firefox] › home.spec.ts:23:7 › Home Page › navigation cards are functional ──────────────────────

    Error: browserType.launch: Executable doesn't exist at /Users/hatem/Library/Caches/ms-playwright/firefox-1490/firefox/Nightly.app/Contents/MacOS/firefox
    ╔═════════════════════════════════════════════════════════════════════════╗
    ║ Looks like Playwright Test or Playwright was just installed or updated. ║
    ║ Please run the following command to download new browsers:              ║
    ║                                                                         ║
    ║     npx playwright install                                              ║
    ║                                                                         ║
    ║ <3 Playwright Team                                                      ║
    ╚═════════════════════════════════════════════════════════════════════════╝
]]>
</failure>
</testcase>
<testcase name="Home Page › footer CTA section exists" classname="home.spec.ts" time="0.005">
<failure message="home.spec.ts:42:7 footer CTA section exists" type="FAILURE">
<![CDATA[  [firefox] › home.spec.ts:42:7 › Home Page › footer CTA section exists ────────────────────────────

    Error: browserType.launch: Executable doesn't exist at /Users/hatem/Library/Caches/ms-playwright/firefox-1490/firefox/Nightly.app/Contents/MacOS/firefox
    ╔═════════════════════════════════════════════════════════════════════════╗
    ║ Looks like Playwright Test or Playwright was just installed or updated. ║
    ║ Please run the following command to download new browsers:              ║
    ║                                                                         ║
    ║     npx playwright install                                              ║
    ║                                                                         ║
    ║ <3 Playwright Team                                                      ║
    ╚═════════════════════════════════════════════════════════════════════════╝
]]>
</failure>
</testcase>
<testcase name="Home Page › ribbon and language selector work" classname="home.spec.ts" time="0.012">
<failure message="home.spec.ts:49:7 ribbon and language selector work" type="FAILURE">
<![CDATA[  [firefox] › home.spec.ts:49:7 › Home Page › ribbon and language selector work ────────────────────

    Error: browserType.launch: Executable doesn't exist at /Users/hatem/Library/Caches/ms-playwright/firefox-1490/firefox/Nightly.app/Contents/MacOS/firefox
    ╔═════════════════════════════════════════════════════════════════════════╗
    ║ Looks like Playwright Test or Playwright was just installed or updated. ║
    ║ Please run the following command to download new browsers:              ║
    ║                                                                         ║
    ║     npx playwright install                                              ║
    ║                                                                         ║
    ║ <3 Playwright Team                                                      ║
    ╚═════════════════════════════════════════════════════════════════════════╝
]]>
</failure>
</testcase>
</testsuite>
<testsuite name="pages.spec.ts" timestamp="2025-09-04T22:31:42.664Z" hostname="firefox" tests="18" failures="18" skipped="0" time="0.106" errors="0">
<testcase name="Business Page › displays business hero section" classname="pages.spec.ts" time="0.006">
<failure message="pages.spec.ts:8:7 displays business hero section" type="FAILURE">
<![CDATA[  [firefox] › pages.spec.ts:8:7 › Business Page › displays business hero section ───────────────────

    Error: browserType.launch: Executable doesn't exist at /Users/hatem/Library/Caches/ms-playwright/firefox-1490/firefox/Nightly.app/Contents/MacOS/firefox
    ╔═════════════════════════════════════════════════════════════════════════╗
    ║ Looks like Playwright Test or Playwright was just installed or updated. ║
    ║ Please run the following command to download new browsers:              ║
    ║                                                                         ║
    ║     npx playwright install                                              ║
    ║                                                                         ║
    ║ <3 Playwright Team                                                      ║
    ╚═════════════════════════════════════════════════════════════════════════╝
]]>
</failure>
</testcase>
<testcase name="Business Page › shows business structure options" classname="pages.spec.ts" time="0.007">
<failure message="pages.spec.ts:13:7 shows business structure options" type="FAILURE">
<![CDATA[  [firefox] › pages.spec.ts:13:7 › Business Page › shows business structure options ────────────────

    Error: browserType.launch: Executable doesn't exist at /Users/hatem/Library/Caches/ms-playwright/firefox-1490/firefox/Nightly.app/Contents/MacOS/firefox
    ╔═════════════════════════════════════════════════════════════════════════╗
    ║ Looks like Playwright Test or Playwright was just installed or updated. ║
    ║ Please run the following command to download new browsers:              ║
    ║                                                                         ║
    ║     npx playwright install                                              ║
    ║                                                                         ║
    ║ <3 Playwright Team                                                      ║
    ╚═════════════════════════════════════════════════════════════════════════╝
]]>
</failure>
</testcase>
<testcase name="Business Page › displays investment opportunities" classname="pages.spec.ts" time="0.006">
<failure message="pages.spec.ts:20:7 displays investment opportunities" type="FAILURE">
<![CDATA[  [firefox] › pages.spec.ts:20:7 › Business Page › displays investment opportunities ───────────────

    Error: browserType.launch: Executable doesn't exist at /Users/hatem/Library/Caches/ms-playwright/firefox-1490/firefox/Nightly.app/Contents/MacOS/firefox
    ╔═════════════════════════════════════════════════════════════════════════╗
    ║ Looks like Playwright Test or Playwright was just installed or updated. ║
    ║ Please run the following command to download new browsers:              ║
    ║                                                                         ║
    ║     npx playwright install                                              ║
    ║                                                                         ║
    ║ <3 Playwright Team                                                      ║
    ╚═════════════════════════════════════════════════════════════════════════╝
]]>
</failure>
</testcase>
<testcase name="Business Page › shows step-by-step process" classname="pages.spec.ts" time="0.005">
<failure message="pages.spec.ts:28:7 shows step-by-step process" type="FAILURE">
<![CDATA[  [firefox] › pages.spec.ts:28:7 › Business Page › shows step-by-step process ──────────────────────

    Error: browserType.launch: Executable doesn't exist at /Users/hatem/Library/Caches/ms-playwright/firefox-1490/firefox/Nightly.app/Contents/MacOS/firefox
    ╔═════════════════════════════════════════════════════════════════════════╗
    ║ Looks like Playwright Test or Playwright was just installed or updated. ║
    ║ Please run the following command to download new browsers:              ║
    ║                                                                         ║
    ║     npx playwright install                                              ║
    ║                                                                         ║
    ║ <3 Playwright Team                                                      ║
    ╚═════════════════════════════════════════════════════════════════════════╝
]]>
</failure>
</testcase>
<testcase name="Business Page › displays resources section" classname="pages.spec.ts" time="0.009">
<failure message="pages.spec.ts:36:7 displays resources section" type="FAILURE">
<![CDATA[  [firefox] › pages.spec.ts:36:7 › Business Page › displays resources section ──────────────────────

    Error: browserType.launch: Executable doesn't exist at /Users/hatem/Library/Caches/ms-playwright/firefox-1490/firefox/Nightly.app/Contents/MacOS/firefox
    ╔═════════════════════════════════════════════════════════════════════════╗
    ║ Looks like Playwright Test or Playwright was just installed or updated. ║
    ║ Please run the following command to download new browsers:              ║
    ║                                                                         ║
    ║     npx playwright install                                              ║
    ║                                                                         ║
    ║ <3 Playwright Team                                                      ║
    ╚═════════════════════════════════════════════════════════════════════════╝
]]>
</failure>
</testcase>
<testcase name="Business Page › resource links are properly formatted" classname="pages.spec.ts" time="0.006">
<failure message="pages.spec.ts:43:7 resource links are properly formatted" type="FAILURE">
<![CDATA[  [firefox] › pages.spec.ts:43:7 › Business Page › resource links are properly formatted ───────────

    Error: browserType.launch: Executable doesn't exist at /Users/hatem/Library/Caches/ms-playwright/firefox-1490/firefox/Nightly.app/Contents/MacOS/firefox
    ╔═════════════════════════════════════════════════════════════════════════╗
    ║ Looks like Playwright Test or Playwright was just installed or updated. ║
    ║ Please run the following command to download new browsers:              ║
    ║                                                                         ║
    ║     npx playwright install                                              ║
    ║                                                                         ║
    ║ <3 Playwright Team                                                      ║
    ╚═════════════════════════════════════════════════════════════════════════╝
]]>
</failure>
</testcase>
<testcase name="Work Page › displays work hero section" classname="pages.spec.ts" time="0.005">
<failure message="pages.spec.ts:61:7 displays work hero section" type="FAILURE">
<![CDATA[  [firefox] › pages.spec.ts:61:7 › Work Page › displays work hero section ──────────────────────────

    Error: browserType.launch: Executable doesn't exist at /Users/hatem/Library/Caches/ms-playwright/firefox-1490/firefox/Nightly.app/Contents/MacOS/firefox
    ╔═════════════════════════════════════════════════════════════════════════╗
    ║ Looks like Playwright Test or Playwright was just installed or updated. ║
    ║ Please run the following command to download new browsers:              ║
    ║                                                                         ║
    ║     npx playwright install                                              ║
    ║                                                                         ║
    ║ <3 Playwright Team                                                      ║
    ╚═════════════════════════════════════════════════════════════════════════╝
]]>
</failure>
</testcase>
<testcase name="Work Page › shows work visa types" classname="pages.spec.ts" time="0.005">
<failure message="pages.spec.ts:66:7 shows work visa types" type="FAILURE">
<![CDATA[  [firefox] › pages.spec.ts:66:7 › Work Page › shows work visa types ───────────────────────────────

    Error: browserType.launch: Executable doesn't exist at /Users/hatem/Library/Caches/ms-playwright/firefox-1490/firefox/Nightly.app/Contents/MacOS/firefox
    ╔═════════════════════════════════════════════════════════════════════════╗
    ║ Looks like Playwright Test or Playwright was just installed or updated. ║
    ║ Please run the following command to download new browsers:              ║
    ║                                                                         ║
    ║     npx playwright install                                              ║
    ║                                                                         ║
    ║ <3 Playwright Team                                                      ║
    ╚═════════════════════════════════════════════════════════════════════════╝
]]>
</failure>
</testcase>
<testcase name="Work Page › displays job markets section" classname="pages.spec.ts" time="0.006">
<failure message="pages.spec.ts:70:7 displays job markets section" type="FAILURE">
<![CDATA[  [firefox] › pages.spec.ts:70:7 › Work Page › displays job markets section ────────────────────────

    Error: browserType.launch: Executable doesn't exist at /Users/hatem/Library/Caches/ms-playwright/firefox-1490/firefox/Nightly.app/Contents/MacOS/firefox
    ╔═════════════════════════════════════════════════════════════════════════╗
    ║ Looks like Playwright Test or Playwright was just installed or updated. ║
    ║ Please run the following command to download new browsers:              ║
    ║                                                                         ║
    ║     npx playwright install                                              ║
    ║                                                                         ║
    ║ <3 Playwright Team                                                      ║
    ╚═════════════════════════════════════════════════════════════════════════╝
]]>
</failure>
</testcase>
<testcase name="Work Page › shows work steps process" classname="pages.spec.ts" time="0.005">
<failure message="pages.spec.ts:74:7 shows work steps process" type="FAILURE">
<![CDATA[  [firefox] › pages.spec.ts:74:7 › Work Page › shows work steps process ────────────────────────────

    Error: browserType.launch: Executable doesn't exist at /Users/hatem/Library/Caches/ms-playwright/firefox-1490/firefox/Nightly.app/Contents/MacOS/firefox
    ╔═════════════════════════════════════════════════════════════════════════╗
    ║ Looks like Playwright Test or Playwright was just installed or updated. ║
    ║ Please run the following command to download new browsers:              ║
    ║                                                                         ║
    ║     npx playwright install                                              ║
    ║                                                                         ║
    ║ <3 Playwright Team                                                      ║
    ╚═════════════════════════════════════════════════════════════════════════╝
]]>
</failure>
</testcase>
<testcase name="Study Page › displays study hero section" classname="pages.spec.ts" time="0.006">
<failure message="pages.spec.ts:88:7 displays study hero section" type="FAILURE">
<![CDATA[  [firefox] › pages.spec.ts:88:7 › Study Page › displays study hero section ────────────────────────

    Error: browserType.launch: Executable doesn't exist at /Users/hatem/Library/Caches/ms-playwright/firefox-1490/firefox/Nightly.app/Contents/MacOS/firefox
    ╔═════════════════════════════════════════════════════════════════════════╗
    ║ Looks like Playwright Test or Playwright was just installed or updated. ║
    ║ Please run the following command to download new browsers:              ║
    ║                                                                         ║
    ║     npx playwright install                                              ║
    ║                                                                         ║
    ║ <3 Playwright Team                                                      ║
    ╚═════════════════════════════════════════════════════════════════════════╝
]]>
</failure>
</testcase>
<testcase name="Study Page › shows academic pathways" classname="pages.spec.ts" time="0.005">
<failure message="pages.spec.ts:93:7 shows academic pathways" type="FAILURE">
<![CDATA[  [firefox] › pages.spec.ts:93:7 › Study Page › shows academic pathways ────────────────────────────

    Error: browserType.launch: Executable doesn't exist at /Users/hatem/Library/Caches/ms-playwright/firefox-1490/firefox/Nightly.app/Contents/MacOS/firefox
    ╔═════════════════════════════════════════════════════════════════════════╗
    ║ Looks like Playwright Test or Playwright was just installed or updated. ║
    ║ Please run the following command to download new browsers:              ║
    ║                                                                         ║
    ║     npx playwright install                                              ║
    ║                                                                         ║
    ║ <3 Playwright Team                                                      ║
    ╚═════════════════════════════════════════════════════════════════════════╝
]]>
</failure>
</testcase>
<testcase name="Study Page › displays university filters" classname="pages.spec.ts" time="0.005">
<failure message="pages.spec.ts:100:7 displays university filters" type="FAILURE">
<![CDATA[  [firefox] › pages.spec.ts:100:7 › Study Page › displays university filters ───────────────────────

    Error: browserType.launch: Executable doesn't exist at /Users/hatem/Library/Caches/ms-playwright/firefox-1490/firefox/Nightly.app/Contents/MacOS/firefox
    ╔═════════════════════════════════════════════════════════════════════════╗
    ║ Looks like Playwright Test or Playwright was just installed or updated. ║
    ║ Please run the following command to download new browsers:              ║
    ║                                                                         ║
    ║     npx playwright install                                              ║
    ║                                                                         ║
    ║ <3 Playwright Team                                                      ║
    ╚═════════════════════════════════════════════════════════════════════════╝
]]>
</failure>
</testcase>
<testcase name="Study Page › shows study essentials section" classname="pages.spec.ts" time="0.005">
<failure message="pages.spec.ts:105:7 shows study essentials section" type="FAILURE">
<![CDATA[  [firefox] › pages.spec.ts:105:7 › Study Page › shows study essentials section ────────────────────

    Error: browserType.launch: Executable doesn't exist at /Users/hatem/Library/Caches/ms-playwright/firefox-1490/firefox/Nightly.app/Contents/MacOS/firefox
    ╔═════════════════════════════════════════════════════════════════════════╗
    ║ Looks like Playwright Test or Playwright was just installed or updated. ║
    ║ Please run the following command to download new browsers:              ║
    ║                                                                         ║
    ║     npx playwright install                                              ║
    ║                                                                         ║
    ║ <3 Playwright Team                                                      ║
    ╚═════════════════════════════════════════════════════════════════════════╝
]]>
</failure>
</testcase>
<testcase name="Travel Page › displays travel hero section" classname="pages.spec.ts" time="0.006">
<failure message="pages.spec.ts:119:7 displays travel hero section" type="FAILURE">
<![CDATA[  [firefox] › pages.spec.ts:119:7 › Travel Page › displays travel hero section ─────────────────────

    Error: browserType.launch: Executable doesn't exist at /Users/hatem/Library/Caches/ms-playwright/firefox-1490/firefox/Nightly.app/Contents/MacOS/firefox
    ╔═════════════════════════════════════════════════════════════════════════╗
    ║ Looks like Playwright Test or Playwright was just installed or updated. ║
    ║ Please run the following command to download new browsers:              ║
    ║                                                                         ║
    ║     npx playwright install                                              ║
    ║                                                                         ║
    ║ <3 Playwright Team                                                      ║
    ╚═════════════════════════════════════════════════════════════════════════╝
]]>
</failure>
</testcase>
<testcase name="Travel Page › shows featured itineraries" classname="pages.spec.ts" time="0.008">
<failure message="pages.spec.ts:124:7 shows featured itineraries" type="FAILURE">
<![CDATA[  [firefox] › pages.spec.ts:124:7 › Travel Page › shows featured itineraries ───────────────────────

    Error: browserType.launch: Executable doesn't exist at /Users/hatem/Library/Caches/ms-playwright/firefox-1490/firefox/Nightly.app/Contents/MacOS/firefox
    ╔═════════════════════════════════════════════════════════════════════════╗
    ║ Looks like Playwright Test or Playwright was just installed or updated. ║
    ║ Please run the following command to download new browsers:              ║
    ║                                                                         ║
    ║     npx playwright install                                              ║
    ║                                                                         ║
    ║ <3 Playwright Team                                                      ║
    ╚═════════════════════════════════════════════════════════════════════════╝
]]>
</failure>
</testcase>
<testcase name="Travel Page › displays travel essentials" classname="pages.spec.ts" time="0.006">
<failure message="pages.spec.ts:128:7 displays travel essentials" type="FAILURE">
<![CDATA[  [firefox] › pages.spec.ts:128:7 › Travel Page › displays travel essentials ───────────────────────

    Error: browserType.launch: Executable doesn't exist at /Users/hatem/Library/Caches/ms-playwright/firefox-1490/firefox/Nightly.app/Contents/MacOS/firefox
    ╔═════════════════════════════════════════════════════════════════════════╗
    ║ Looks like Playwright Test or Playwright was just installed or updated. ║
    ║ Please run the following command to download new browsers:              ║
    ║                                                                         ║
    ║     npx playwright install                                              ║
    ║                                                                         ║
    ║ <3 Playwright Team                                                      ║
    ╚═════════════════════════════════════════════════════════════════════════╝
]]>
</failure>
</testcase>
<testcase name="Travel Page › shows transportation options" classname="pages.spec.ts" time="0.005">
<failure message="pages.spec.ts:132:7 shows transportation options" type="FAILURE">
<![CDATA[  [firefox] › pages.spec.ts:132:7 › Travel Page › shows transportation options ─────────────────────

    Error: browserType.launch: Executable doesn't exist at /Users/hatem/Library/Caches/ms-playwright/firefox-1490/firefox/Nightly.app/Contents/MacOS/firefox
    ╔═════════════════════════════════════════════════════════════════════════╗
    ║ Looks like Playwright Test or Playwright was just installed or updated. ║
    ║ Please run the following command to download new browsers:              ║
    ║                                                                         ║
    ║     npx playwright install                                              ║
    ║                                                                         ║
    ║ <3 Playwright Team                                                      ║
    ╚═════════════════════════════════════════════════════════════════════════╝
]]>
</failure>
</testcase>
</testsuite>
<testsuite name="functionality.spec.ts" timestamp="2025-09-04T22:31:42.664Z" hostname="webkit" tests="14" failures="14" skipped="0" time="0.078" errors="0">
<testcase name="Visa Page › displays visa hero section" classname="functionality.spec.ts" time="0.006">
<failure message="functionality.spec.ts:8:7 displays visa hero section" type="FAILURE">
<![CDATA[  [webkit] › functionality.spec.ts:8:7 › Visa Page › displays visa hero section ────────────────────

    Error: browserType.launch: Executable doesn't exist at /Users/hatem/Library/Caches/ms-playwright/webkit-2203/pw_run.sh
    ╔═════════════════════════════════════════════════════════════════════════╗
    ║ Looks like Playwright Test or Playwright was just installed or updated. ║
    ║ Please run the following command to download new browsers:              ║
    ║                                                                         ║
    ║     npx playwright install                                              ║
    ║                                                                         ║
    ║ <3 Playwright Team                                                      ║
    ╚═════════════════════════════════════════════════════════════════════════╝
]]>
</failure>
</testcase>
<testcase name="Visa Page › shows visa types section" classname="functionality.spec.ts" time="0.006">
<failure message="functionality.spec.ts:13:7 shows visa types section" type="FAILURE">
<![CDATA[  [webkit] › functionality.spec.ts:13:7 › Visa Page › shows visa types section ─────────────────────

    Error: browserType.launch: Executable doesn't exist at /Users/hatem/Library/Caches/ms-playwright/webkit-2203/pw_run.sh
    ╔═════════════════════════════════════════════════════════════════════════╗
    ║ Looks like Playwright Test or Playwright was just installed or updated. ║
    ║ Please run the following command to download new browsers:              ║
    ║                                                                         ║
    ║     npx playwright install                                              ║
    ║                                                                         ║
    ║ <3 Playwright Team                                                      ║
    ╚═════════════════════════════════════════════════════════════════════════╝
]]>
</failure>
</testcase>
<testcase name="Visa Page › displays visa checklist" classname="functionality.spec.ts" time="0.005">
<failure message="functionality.spec.ts:17:7 displays visa checklist" type="FAILURE">
<![CDATA[  [webkit] › functionality.spec.ts:17:7 › Visa Page › displays visa checklist ──────────────────────

    Error: browserType.launch: Executable doesn't exist at /Users/hatem/Library/Caches/ms-playwright/webkit-2203/pw_run.sh
    ╔═════════════════════════════════════════════════════════════════════════╗
    ║ Looks like Playwright Test or Playwright was just installed or updated. ║
    ║ Please run the following command to download new browsers:              ║
    ║                                                                         ║
    ║     npx playwright install                                              ║
    ║                                                                         ║
    ║ <3 Playwright Team                                                      ║
    ╚═════════════════════════════════════════════════════════════════════════╝
]]>
</failure>
</testcase>
<testcase name="Visa Page › shows official sources" classname="functionality.spec.ts" time="0.006">
<failure message="functionality.spec.ts:21:7 shows official sources" type="FAILURE">
<![CDATA[  [webkit] › functionality.spec.ts:21:7 › Visa Page › shows official sources ───────────────────────

    Error: browserType.launch: Executable doesn't exist at /Users/hatem/Library/Caches/ms-playwright/webkit-2203/pw_run.sh
    ╔═════════════════════════════════════════════════════════════════════════╗
    ║ Looks like Playwright Test or Playwright was just installed or updated. ║
    ║ Please run the following command to download new browsers:              ║
    ║                                                                         ║
    ║     npx playwright install                                              ║
    ║                                                                         ║
    ║ <3 Playwright Team                                                      ║
    ╚═════════════════════════════════════════════════════════════════════════╝
]]>
</failure>
</testcase>
<testcase name="Visa Page › checklist download functionality" classname="functionality.spec.ts" time="0.005">
<failure message="functionality.spec.ts:25:7 checklist download functionality" type="FAILURE">
<![CDATA[  [webkit] › functionality.spec.ts:25:7 › Visa Page › checklist download functionality ─────────────

    Error: browserType.launch: Executable doesn't exist at /Users/hatem/Library/Caches/ms-playwright/webkit-2203/pw_run.sh
    ╔═════════════════════════════════════════════════════════════════════════╗
    ║ Looks like Playwright Test or Playwright was just installed or updated. ║
    ║ Please run the following command to download new browsers:              ║
    ║                                                                         ║
    ║     npx playwright install                                              ║
    ║                                                                         ║
    ║ <3 Playwright Team                                                      ║
    ╚═════════════════════════════════════════════════════════════════════════╝
]]>
</failure>
</testcase>
<testcase name="Internationalization › Romanian language pages load correctly" classname="functionality.spec.ts" time="0.006">
<failure message="functionality.spec.ts:35:7 Romanian language pages load correctly" type="FAILURE">
<![CDATA[  [webkit] › functionality.spec.ts:35:7 › Internationalization › Romanian language pages load correctly 

    Error: browserType.launch: Executable doesn't exist at /Users/hatem/Library/Caches/ms-playwright/webkit-2203/pw_run.sh
    ╔═════════════════════════════════════════════════════════════════════════╗
    ║ Looks like Playwright Test or Playwright was just installed or updated. ║
    ║ Please run the following command to download new browsers:              ║
    ║                                                                         ║
    ║     npx playwright install                                              ║
    ║                                                                         ║
    ║ <3 Playwright Team                                                      ║
    ╚═════════════════════════════════════════════════════════════════════════╝
]]>
</failure>
</testcase>
<testcase name="Internationalization › language switcher maintains page context" classname="functionality.spec.ts" time="0.004">
<failure message="functionality.spec.ts:53:7 language switcher maintains page context" type="FAILURE">
<![CDATA[  [webkit] › functionality.spec.ts:53:7 › Internationalization › language switcher maintains page context 

    Error: browserType.launch: Executable doesn't exist at /Users/hatem/Library/Caches/ms-playwright/webkit-2203/pw_run.sh
    ╔═════════════════════════════════════════════════════════════════════════╗
    ║ Looks like Playwright Test or Playwright was just installed or updated. ║
    ║ Please run the following command to download new browsers:              ║
    ║                                                                         ║
    ║     npx playwright install                                              ║
    ║                                                                         ║
    ║ <3 Playwright Team                                                      ║
    ╚═════════════════════════════════════════════════════════════════════════╝
]]>
</failure>
</testcase>
<testcase name="Accessibility › keyboard navigation works" classname="functionality.spec.ts" time="0.004">
<failure message="functionality.spec.ts:75:7 keyboard navigation works" type="FAILURE">
<![CDATA[  [webkit] › functionality.spec.ts:75:7 › Accessibility › keyboard navigation works ────────────────

    Error: browserType.launch: Executable doesn't exist at /Users/hatem/Library/Caches/ms-playwright/webkit-2203/pw_run.sh
    ╔═════════════════════════════════════════════════════════════════════════╗
    ║ Looks like Playwright Test or Playwright was just installed or updated. ║
    ║ Please run the following command to download new browsers:              ║
    ║                                                                         ║
    ║     npx playwright install                                              ║
    ║                                                                         ║
    ║ <3 Playwright Team                                                      ║
    ╚═════════════════════════════════════════════════════════════════════════╝
]]>
</failure>
</testcase>
<testcase name="Accessibility › images have alt text" classname="functionality.spec.ts" time="0.004">
<failure message="functionality.spec.ts:87:7 images have alt text" type="FAILURE">
<![CDATA[  [webkit] › functionality.spec.ts:87:7 › Accessibility › images have alt text ─────────────────────

    Error: browserType.launch: Executable doesn't exist at /Users/hatem/Library/Caches/ms-playwright/webkit-2203/pw_run.sh
    ╔═════════════════════════════════════════════════════════════════════════╗
    ║ Looks like Playwright Test or Playwright was just installed or updated. ║
    ║ Please run the following command to download new browsers:              ║
    ║                                                                         ║
    ║     npx playwright install                                              ║
    ║                                                                         ║
    ║ <3 Playwright Team                                                      ║
    ╚═════════════════════════════════════════════════════════════════════════╝
]]>
</failure>
</testcase>
<testcase name="Accessibility › buttons have accessible names" classname="functionality.spec.ts" time="0.005">
<failure message="functionality.spec.ts:103:7 buttons have accessible names" type="FAILURE">
<![CDATA[  [webkit] › functionality.spec.ts:103:7 › Accessibility › buttons have accessible names ───────────

    Error: browserType.launch: Executable doesn't exist at /Users/hatem/Library/Caches/ms-playwright/webkit-2203/pw_run.sh
    ╔═════════════════════════════════════════════════════════════════════════╗
    ║ Looks like Playwright Test or Playwright was just installed or updated. ║
    ║ Please run the following command to download new browsers:              ║
    ║                                                                         ║
    ║     npx playwright install                                              ║
    ║                                                                         ║
    ║ <3 Playwright Team                                                      ║
    ╚═════════════════════════════════════════════════════════════════════════╝
]]>
</failure>
</testcase>
<testcase name="Performance › pages load within reasonable time" classname="functionality.spec.ts" time="0.004">
<failure message="functionality.spec.ts:121:7 pages load within reasonable time" type="FAILURE">
<![CDATA[  [webkit] › functionality.spec.ts:121:7 › Performance › pages load within reasonable time ─────────

    Error: browserType.launch: Executable doesn't exist at /Users/hatem/Library/Caches/ms-playwright/webkit-2203/pw_run.sh
    ╔═════════════════════════════════════════════════════════════════════════╗
    ║ Looks like Playwright Test or Playwright was just installed or updated. ║
    ║ Please run the following command to download new browsers:              ║
    ║                                                                         ║
    ║     npx playwright install                                              ║
    ║                                                                         ║
    ║ <3 Playwright Team                                                      ║
    ╚═════════════════════════════════════════════════════════════════════════╝
]]>
</failure>
</testcase>
<testcase name="Performance › no console errors on main pages" classname="functionality.spec.ts" time="0.004">
<failure message="functionality.spec.ts:134:7 no console errors on main pages" type="FAILURE">
<![CDATA[  [webkit] › functionality.spec.ts:134:7 › Performance › no console errors on main pages ───────────

    Error: browserType.launch: Executable doesn't exist at /Users/hatem/Library/Caches/ms-playwright/webkit-2203/pw_run.sh
    ╔═════════════════════════════════════════════════════════════════════════╗
    ║ Looks like Playwright Test or Playwright was just installed or updated. ║
    ║ Please run the following command to download new browsers:              ║
    ║                                                                         ║
    ║     npx playwright install                                              ║
    ║                                                                         ║
    ║ <3 Playwright Team                                                      ║
    ╚═════════════════════════════════════════════════════════════════════════╝
]]>
</failure>
</testcase>
<testcase name="Links and Navigation › external links open in new tabs" classname="functionality.spec.ts" time="0.005">
<failure message="functionality.spec.ts:153:7 external links open in new tabs" type="FAILURE">
<![CDATA[  [webkit] › functionality.spec.ts:153:7 › Links and Navigation › external links open in new tabs ──

    Error: browserType.launch: Executable doesn't exist at /Users/hatem/Library/Caches/ms-playwright/webkit-2203/pw_run.sh
    ╔═════════════════════════════════════════════════════════════════════════╗
    ║ Looks like Playwright Test or Playwright was just installed or updated. ║
    ║ Please run the following command to download new browsers:              ║
    ║                                                                         ║
    ║     npx playwright install                                              ║
    ║                                                                         ║
    ║ <3 Playwright Team                                                      ║
    ╚═════════════════════════════════════════════════════════════════════════╝
]]>
</failure>
</testcase>
<testcase name="Links and Navigation › internal navigation works correctly" classname="functionality.spec.ts" time="0.014">
<failure message="functionality.spec.ts:174:7 internal navigation works correctly" type="FAILURE">
<![CDATA[  [webkit] › functionality.spec.ts:174:7 › Links and Navigation › internal navigation works correctly 

    Error: browserType.launch: Executable doesn't exist at /Users/hatem/Library/Caches/ms-playwright/webkit-2203/pw_run.sh
    ╔═════════════════════════════════════════════════════════════════════════╗
    ║ Looks like Playwright Test or Playwright was just installed or updated. ║
    ║ Please run the following command to download new browsers:              ║
    ║                                                                         ║
    ║     npx playwright install                                              ║
    ║                                                                         ║
    ║ <3 Playwright Team                                                      ║
    ╚═════════════════════════════════════════════════════════════════════════╝
]]>
</failure>
</testcase>
</testsuite>
<testsuite name="health.spec.ts" timestamp="2025-09-04T22:31:42.664Z" hostname="webkit" tests="7" failures="7" skipped="0" time="0.035" errors="0">
<testcase name="Health Checks › homepage loads successfully" classname="health.spec.ts" time="0.006">
<failure message="health.spec.ts:4:7 homepage loads successfully" type="FAILURE">
<![CDATA[  [webkit] › health.spec.ts:4:7 › Health Checks › homepage loads successfully ──────────────────────

    Error: browserType.launch: Executable doesn't exist at /Users/hatem/Library/Caches/ms-playwright/webkit-2203/pw_run.sh
    ╔═════════════════════════════════════════════════════════════════════════╗
    ║ Looks like Playwright Test or Playwright was just installed or updated. ║
    ║ Please run the following command to download new browsers:              ║
    ║                                                                         ║
    ║     npx playwright install                                              ║
    ║                                                                         ║
    ║ <3 Playwright Team                                                      ║
    ╚═════════════════════════════════════════════════════════════════════════╝
]]>
</failure>
</testcase>
<testcase name="Health Checks › all main navigation pages load" classname="health.spec.ts" time="0.004">
<failure message="health.spec.ts:10:7 all main navigation pages load" type="FAILURE">
<![CDATA[  [webkit] › health.spec.ts:10:7 › Health Checks › all main navigation pages load ──────────────────

    Error: browserType.launch: Executable doesn't exist at /Users/hatem/Library/Caches/ms-playwright/webkit-2203/pw_run.sh
    ╔═════════════════════════════════════════════════════════════════════════╗
    ║ Looks like Playwright Test or Playwright was just installed or updated. ║
    ║ Please run the following command to download new browsers:              ║
    ║                                                                         ║
    ║     npx playwright install                                              ║
    ║                                                                         ║
    ║ <3 Playwright Team                                                      ║
    ╚═════════════════════════════════════════════════════════════════════════╝
]]>
</failure>
</testcase>
<testcase name="Health Checks › language switching works" classname="health.spec.ts" time="0.005">
<failure message="health.spec.ts:27:7 language switching works" type="FAILURE">
<![CDATA[  [webkit] › health.spec.ts:27:7 › Health Checks › language switching works ────────────────────────

    Error: browserType.launch: Executable doesn't exist at /Users/hatem/Library/Caches/ms-playwright/webkit-2203/pw_run.sh
    ╔═════════════════════════════════════════════════════════════════════════╗
    ║ Looks like Playwright Test or Playwright was just installed or updated. ║
    ║ Please run the following command to download new browsers:              ║
    ║                                                                         ║
    ║     npx playwright install                                              ║
    ║                                                                         ║
    ║ <3 Playwright Team                                                      ║
    ╚═════════════════════════════════════════════════════════════════════════╝
]]>
</failure>
</testcase>
<testcase name="Health Checks › legal pages are accessible" classname="health.spec.ts" time="0.006">
<failure message="health.spec.ts:41:7 legal pages are accessible" type="FAILURE">
<![CDATA[  [webkit] › health.spec.ts:41:7 › Health Checks › legal pages are accessible ──────────────────────

    Error: browserType.launch: Executable doesn't exist at /Users/hatem/Library/Caches/ms-playwright/webkit-2203/pw_run.sh
    ╔═════════════════════════════════════════════════════════════════════════╗
    ║ Looks like Playwright Test or Playwright was just installed or updated. ║
    ║ Please run the following command to download new browsers:              ║
    ║                                                                         ║
    ║     npx playwright install                                              ║
    ║                                                                         ║
    ║ <3 Playwright Team                                                      ║
    ╚═════════════════════════════════════════════════════════════════════════╝
]]>
</failure>
</testcase>
<testcase name="Health Checks › footer links work" classname="health.spec.ts" time="0.004">
<failure message="health.spec.ts:51:7 footer links work" type="FAILURE">
<![CDATA[  [webkit] › health.spec.ts:51:7 › Health Checks › footer links work ───────────────────────────────

    Error: browserType.launch: Executable doesn't exist at /Users/hatem/Library/Caches/ms-playwright/webkit-2203/pw_run.sh
    ╔═════════════════════════════════════════════════════════════════════════╗
    ║ Looks like Playwright Test or Playwright was just installed or updated. ║
    ║ Please run the following command to download new browsers:              ║
    ║                                                                         ║
    ║     npx playwright install                                              ║
    ║                                                                         ║
    ║ <3 Playwright Team                                                      ║
    ╚═════════════════════════════════════════════════════════════════════════╝
]]>
</failure>
</testcase>
<testcase name="Health Checks › back button functionality" classname="health.spec.ts" time="0.005">
<failure message="health.spec.ts:65:7 back button functionality" type="FAILURE">
<![CDATA[  [webkit] › health.spec.ts:65:7 › Health Checks › back button functionality ───────────────────────

    Error: browserType.launch: Executable doesn't exist at /Users/hatem/Library/Caches/ms-playwright/webkit-2203/pw_run.sh
    ╔═════════════════════════════════════════════════════════════════════════╗
    ║ Looks like Playwright Test or Playwright was just installed or updated. ║
    ║ Please run the following command to download new browsers:              ║
    ║                                                                         ║
    ║     npx playwright install                                              ║
    ║                                                                         ║
    ║ <3 Playwright Team                                                      ║
    ╚═════════════════════════════════════════════════════════════════════════╝
]]>
</failure>
</testcase>
<testcase name="Health Checks › responsive design works" classname="health.spec.ts" time="0.005">
<failure message="health.spec.ts:79:7 responsive design works" type="FAILURE">
<![CDATA[  [webkit] › health.spec.ts:79:7 › Health Checks › responsive design works ─────────────────────────

    Error: browserType.launch: Executable doesn't exist at /Users/hatem/Library/Caches/ms-playwright/webkit-2203/pw_run.sh
    ╔═════════════════════════════════════════════════════════════════════════╗
    ║ Looks like Playwright Test or Playwright was just installed or updated. ║
    ║ Please run the following command to download new browsers:              ║
    ║                                                                         ║
    ║     npx playwright install                                              ║
    ║                                                                         ║
    ║ <3 Playwright Team                                                      ║
    ╚═════════════════════════════════════════════════════════════════════════╝
]]>
</failure>
</testcase>
</testsuite>
<testsuite name="home.spec.ts" timestamp="2025-09-04T22:31:42.664Z" hostname="webkit" tests="5" failures="5" skipped="0" time="0.024" errors="0">
<testcase name="Home Page › displays main hero content" classname="home.spec.ts" time="0.004">
<failure message="home.spec.ts:4:7 displays main hero content" type="FAILURE">
<![CDATA[  [webkit] › home.spec.ts:4:7 › Home Page › displays main hero content ─────────────────────────────

    Error: browserType.launch: Executable doesn't exist at /Users/hatem/Library/Caches/ms-playwright/webkit-2203/pw_run.sh
    ╔═════════════════════════════════════════════════════════════════════════╗
    ║ Looks like Playwright Test or Playwright was just installed or updated. ║
    ║ Please run the following command to download new browsers:              ║
    ║                                                                         ║
    ║     npx playwright install                                              ║
    ║                                                                         ║
    ║ <3 Playwright Team                                                      ║
    ╚═════════════════════════════════════════════════════════════════════════╝
]]>
</failure>
</testcase>
<testcase name="Home Page › shows value pillars" classname="home.spec.ts" time="0.005">
<failure message="home.spec.ts:13:7 shows value pillars" type="FAILURE">
<![CDATA[  [webkit] › home.spec.ts:13:7 › Home Page › shows value pillars ───────────────────────────────────

    Error: browserType.launch: Executable doesn't exist at /Users/hatem/Library/Caches/ms-playwright/webkit-2203/pw_run.sh
    ╔═════════════════════════════════════════════════════════════════════════╗
    ║ Looks like Playwright Test or Playwright was just installed or updated. ║
    ║ Please run the following command to download new browsers:              ║
    ║                                                                         ║
    ║     npx playwright install                                              ║
    ║                                                                         ║
    ║ <3 Playwright Team                                                      ║
    ╚═════════════════════════════════════════════════════════════════════════╝
]]>
</failure>
</testcase>
<testcase name="Home Page › navigation cards are functional" classname="home.spec.ts" time="0.004">
<failure message="home.spec.ts:23:7 navigation cards are functional" type="FAILURE">
<![CDATA[  [webkit] › home.spec.ts:23:7 › Home Page › navigation cards are functional ───────────────────────

    Error: browserType.launch: Executable doesn't exist at /Users/hatem/Library/Caches/ms-playwright/webkit-2203/pw_run.sh
    ╔═════════════════════════════════════════════════════════════════════════╗
    ║ Looks like Playwright Test or Playwright was just installed or updated. ║
    ║ Please run the following command to download new browsers:              ║
    ║                                                                         ║
    ║     npx playwright install                                              ║
    ║                                                                         ║
    ║ <3 Playwright Team                                                      ║
    ╚═════════════════════════════════════════════════════════════════════════╝
]]>
</failure>
</testcase>
<testcase name="Home Page › footer CTA section exists" classname="home.spec.ts" time="0.005">
<failure message="home.spec.ts:42:7 footer CTA section exists" type="FAILURE">
<![CDATA[  [webkit] › home.spec.ts:42:7 › Home Page › footer CTA section exists ─────────────────────────────

    Error: browserType.launch: Executable doesn't exist at /Users/hatem/Library/Caches/ms-playwright/webkit-2203/pw_run.sh
    ╔═════════════════════════════════════════════════════════════════════════╗
    ║ Looks like Playwright Test or Playwright was just installed or updated. ║
    ║ Please run the following command to download new browsers:              ║
    ║                                                                         ║
    ║     npx playwright install                                              ║
    ║                                                                         ║
    ║ <3 Playwright Team                                                      ║
    ╚═════════════════════════════════════════════════════════════════════════╝
]]>
</failure>
</testcase>
<testcase name="Home Page › ribbon and language selector work" classname="home.spec.ts" time="0.006">
<failure message="home.spec.ts:49:7 ribbon and language selector work" type="FAILURE">
<![CDATA[  [webkit] › home.spec.ts:49:7 › Home Page › ribbon and language selector work ─────────────────────

    Error: browserType.launch: Executable doesn't exist at /Users/hatem/Library/Caches/ms-playwright/webkit-2203/pw_run.sh
    ╔═════════════════════════════════════════════════════════════════════════╗
    ║ Looks like Playwright Test or Playwright was just installed or updated. ║
    ║ Please run the following command to download new browsers:              ║
    ║                                                                         ║
    ║     npx playwright install                                              ║
    ║                                                                         ║
    ║ <3 Playwright Team                                                      ║
    ╚═════════════════════════════════════════════════════════════════════════╝
]]>
</failure>
</testcase>
</testsuite>
<testsuite name="pages.spec.ts" timestamp="2025-09-04T22:31:42.664Z" hostname="webkit" tests="18" failures="18" skipped="0" time="0.119" errors="0">
<testcase name="Business Page › displays business hero section" classname="pages.spec.ts" time="0.006">
<failure message="pages.spec.ts:8:7 displays business hero section" type="FAILURE">
<![CDATA[  [webkit] › pages.spec.ts:8:7 › Business Page › displays business hero section ────────────────────

    Error: browserType.launch: Executable doesn't exist at /Users/hatem/Library/Caches/ms-playwright/webkit-2203/pw_run.sh
    ╔═════════════════════════════════════════════════════════════════════════╗
    ║ Looks like Playwright Test or Playwright was just installed or updated. ║
    ║ Please run the following command to download new browsers:              ║
    ║                                                                         ║
    ║     npx playwright install                                              ║
    ║                                                                         ║
    ║ <3 Playwright Team                                                      ║
    ╚═════════════════════════════════════════════════════════════════════════╝
]]>
</failure>
</testcase>
<testcase name="Business Page › shows business structure options" classname="pages.spec.ts" time="0.005">
<failure message="pages.spec.ts:13:7 shows business structure options" type="FAILURE">
<![CDATA[  [webkit] › pages.spec.ts:13:7 › Business Page › shows business structure options ─────────────────

    Error: browserType.launch: Executable doesn't exist at /Users/hatem/Library/Caches/ms-playwright/webkit-2203/pw_run.sh
    ╔═════════════════════════════════════════════════════════════════════════╗
    ║ Looks like Playwright Test or Playwright was just installed or updated. ║
    ║ Please run the following command to download new browsers:              ║
    ║                                                                         ║
    ║     npx playwright install                                              ║
    ║                                                                         ║
    ║ <3 Playwright Team                                                      ║
    ╚═════════════════════════════════════════════════════════════════════════╝
]]>
</failure>
</testcase>
<testcase name="Business Page › displays investment opportunities" classname="pages.spec.ts" time="0.005">
<failure message="pages.spec.ts:20:7 displays investment opportunities" type="FAILURE">
<![CDATA[  [webkit] › pages.spec.ts:20:7 › Business Page › displays investment opportunities ────────────────

    Error: browserType.launch: Executable doesn't exist at /Users/hatem/Library/Caches/ms-playwright/webkit-2203/pw_run.sh
    ╔═════════════════════════════════════════════════════════════════════════╗
    ║ Looks like Playwright Test or Playwright was just installed or updated. ║
    ║ Please run the following command to download new browsers:              ║
    ║                                                                         ║
    ║     npx playwright install                                              ║
    ║                                                                         ║
    ║ <3 Playwright Team                                                      ║
    ╚═════════════════════════════════════════════════════════════════════════╝
]]>
</failure>
</testcase>
<testcase name="Business Page › shows step-by-step process" classname="pages.spec.ts" time="0.007">
<failure message="pages.spec.ts:28:7 shows step-by-step process" type="FAILURE">
<![CDATA[  [webkit] › pages.spec.ts:28:7 › Business Page › shows step-by-step process ───────────────────────

    Error: browserType.launch: Executable doesn't exist at /Users/hatem/Library/Caches/ms-playwright/webkit-2203/pw_run.sh
    ╔═════════════════════════════════════════════════════════════════════════╗
    ║ Looks like Playwright Test or Playwright was just installed or updated. ║
    ║ Please run the following command to download new browsers:              ║
    ║                                                                         ║
    ║     npx playwright install                                              ║
    ║                                                                         ║
    ║ <3 Playwright Team                                                      ║
    ╚═════════════════════════════════════════════════════════════════════════╝
]]>
</failure>
</testcase>
<testcase name="Business Page › displays resources section" classname="pages.spec.ts" time="0.006">
<failure message="pages.spec.ts:36:7 displays resources section" type="FAILURE">
<![CDATA[  [webkit] › pages.spec.ts:36:7 › Business Page › displays resources section ───────────────────────

    Error: browserType.launch: Executable doesn't exist at /Users/hatem/Library/Caches/ms-playwright/webkit-2203/pw_run.sh
    ╔═════════════════════════════════════════════════════════════════════════╗
    ║ Looks like Playwright Test or Playwright was just installed or updated. ║
    ║ Please run the following command to download new browsers:              ║
    ║                                                                         ║
    ║     npx playwright install                                              ║
    ║                                                                         ║
    ║ <3 Playwright Team                                                      ║
    ╚═════════════════════════════════════════════════════════════════════════╝
]]>
</failure>
</testcase>
<testcase name="Business Page › resource links are properly formatted" classname="pages.spec.ts" time="0.006">
<failure message="pages.spec.ts:43:7 resource links are properly formatted" type="FAILURE">
<![CDATA[  [webkit] › pages.spec.ts:43:7 › Business Page › resource links are properly formatted ────────────

    Error: browserType.launch: Executable doesn't exist at /Users/hatem/Library/Caches/ms-playwright/webkit-2203/pw_run.sh
    ╔═════════════════════════════════════════════════════════════════════════╗
    ║ Looks like Playwright Test or Playwright was just installed or updated. ║
    ║ Please run the following command to download new browsers:              ║
    ║                                                                         ║
    ║     npx playwright install                                              ║
    ║                                                                         ║
    ║ <3 Playwright Team                                                      ║
    ╚═════════════════════════════════════════════════════════════════════════╝
]]>
</failure>
</testcase>
<testcase name="Work Page › displays work hero section" classname="pages.spec.ts" time="0.008">
<failure message="pages.spec.ts:61:7 displays work hero section" type="FAILURE">
<![CDATA[  [webkit] › pages.spec.ts:61:7 › Work Page › displays work hero section ───────────────────────────

    Error: browserType.launch: Executable doesn't exist at /Users/hatem/Library/Caches/ms-playwright/webkit-2203/pw_run.sh
    ╔═════════════════════════════════════════════════════════════════════════╗
    ║ Looks like Playwright Test or Playwright was just installed or updated. ║
    ║ Please run the following command to download new browsers:              ║
    ║                                                                         ║
    ║     npx playwright install                                              ║
    ║                                                                         ║
    ║ <3 Playwright Team                                                      ║
    ╚═════════════════════════════════════════════════════════════════════════╝
]]>
</failure>
</testcase>
<testcase name="Work Page › shows work visa types" classname="pages.spec.ts" time="0.007">
<failure message="pages.spec.ts:66:7 shows work visa types" type="FAILURE">
<![CDATA[  [webkit] › pages.spec.ts:66:7 › Work Page › shows work visa types ────────────────────────────────

    Error: browserType.launch: Executable doesn't exist at /Users/hatem/Library/Caches/ms-playwright/webkit-2203/pw_run.sh
    ╔═════════════════════════════════════════════════════════════════════════╗
    ║ Looks like Playwright Test or Playwright was just installed or updated. ║
    ║ Please run the following command to download new browsers:              ║
    ║                                                                         ║
    ║     npx playwright install                                              ║
    ║                                                                         ║
    ║ <3 Playwright Team                                                      ║
    ╚═════════════════════════════════════════════════════════════════════════╝
]]>
</failure>
</testcase>
<testcase name="Work Page › displays job markets section" classname="pages.spec.ts" time="0.007">
<failure message="pages.spec.ts:70:7 displays job markets section" type="FAILURE">
<![CDATA[  [webkit] › pages.spec.ts:70:7 › Work Page › displays job markets section ─────────────────────────

    Error: browserType.launch: Executable doesn't exist at /Users/hatem/Library/Caches/ms-playwright/webkit-2203/pw_run.sh
    ╔═════════════════════════════════════════════════════════════════════════╗
    ║ Looks like Playwright Test or Playwright was just installed or updated. ║
    ║ Please run the following command to download new browsers:              ║
    ║                                                                         ║
    ║     npx playwright install                                              ║
    ║                                                                         ║
    ║ <3 Playwright Team                                                      ║
    ╚═════════════════════════════════════════════════════════════════════════╝
]]>
</failure>
</testcase>
<testcase name="Work Page › shows work steps process" classname="pages.spec.ts" time="0.007">
<failure message="pages.spec.ts:74:7 shows work steps process" type="FAILURE">
<![CDATA[  [webkit] › pages.spec.ts:74:7 › Work Page › shows work steps process ─────────────────────────────

    Error: browserType.launch: Executable doesn't exist at /Users/hatem/Library/Caches/ms-playwright/webkit-2203/pw_run.sh
    ╔═════════════════════════════════════════════════════════════════════════╗
    ║ Looks like Playwright Test or Playwright was just installed or updated. ║
    ║ Please run the following command to download new browsers:              ║
    ║                                                                         ║
    ║     npx playwright install                                              ║
    ║                                                                         ║
    ║ <3 Playwright Team                                                      ║
    ╚═════════════════════════════════════════════════════════════════════════╝
]]>
</failure>
</testcase>
<testcase name="Study Page › displays study hero section" classname="pages.spec.ts" time="0.008">
<failure message="pages.spec.ts:88:7 displays study hero section" type="FAILURE">
<![CDATA[  [webkit] › pages.spec.ts:88:7 › Study Page › displays study hero section ─────────────────────────

    Error: browserType.launch: Executable doesn't exist at /Users/hatem/Library/Caches/ms-playwright/webkit-2203/pw_run.sh
    ╔═════════════════════════════════════════════════════════════════════════╗
    ║ Looks like Playwright Test or Playwright was just installed or updated. ║
    ║ Please run the following command to download new browsers:              ║
    ║                                                                         ║
    ║     npx playwright install                                              ║
    ║                                                                         ║
    ║ <3 Playwright Team                                                      ║
    ╚═════════════════════════════════════════════════════════════════════════╝
]]>
</failure>
</testcase>
<testcase name="Study Page › shows academic pathways" classname="pages.spec.ts" time="0.005">
<failure message="pages.spec.ts:93:7 shows academic pathways" type="FAILURE">
<![CDATA[  [webkit] › pages.spec.ts:93:7 › Study Page › shows academic pathways ─────────────────────────────

    Error: browserType.launch: Executable doesn't exist at /Users/hatem/Library/Caches/ms-playwright/webkit-2203/pw_run.sh
    ╔═════════════════════════════════════════════════════════════════════════╗
    ║ Looks like Playwright Test or Playwright was just installed or updated. ║
    ║ Please run the following command to download new browsers:              ║
    ║                                                                         ║
    ║     npx playwright install                                              ║
    ║                                                                         ║
    ║ <3 Playwright Team                                                      ║
    ╚═════════════════════════════════════════════════════════════════════════╝
]]>
</failure>
</testcase>
<testcase name="Study Page › displays university filters" classname="pages.spec.ts" time="0.005">
<failure message="pages.spec.ts:100:7 displays university filters" type="FAILURE">
<![CDATA[  [webkit] › pages.spec.ts:100:7 › Study Page › displays university filters ────────────────────────

    Error: browserType.launch: Executable doesn't exist at /Users/hatem/Library/Caches/ms-playwright/webkit-2203/pw_run.sh
    ╔═════════════════════════════════════════════════════════════════════════╗
    ║ Looks like Playwright Test or Playwright was just installed or updated. ║
    ║ Please run the following command to download new browsers:              ║
    ║                                                                         ║
    ║     npx playwright install                                              ║
    ║                                                                         ║
    ║ <3 Playwright Team                                                      ║
    ╚═════════════════════════════════════════════════════════════════════════╝
]]>
</failure>
</testcase>
<testcase name="Study Page › shows study essentials section" classname="pages.spec.ts" time="0.006">
<failure message="pages.spec.ts:105:7 shows study essentials section" type="FAILURE">
<![CDATA[  [webkit] › pages.spec.ts:105:7 › Study Page › shows study essentials section ─────────────────────

    Error: browserType.launch: Executable doesn't exist at /Users/hatem/Library/Caches/ms-playwright/webkit-2203/pw_run.sh
    ╔═════════════════════════════════════════════════════════════════════════╗
    ║ Looks like Playwright Test or Playwright was just installed or updated. ║
    ║ Please run the following command to download new browsers:              ║
    ║                                                                         ║
    ║     npx playwright install                                              ║
    ║                                                                         ║
    ║ <3 Playwright Team                                                      ║
    ╚═════════════════════════════════════════════════════════════════════════╝
]]>
</failure>
</testcase>
<testcase name="Travel Page › displays travel hero section" classname="pages.spec.ts" time="0.011">
<failure message="pages.spec.ts:119:7 displays travel hero section" type="FAILURE">
<![CDATA[  [webkit] › pages.spec.ts:119:7 › Travel Page › displays travel hero section ──────────────────────

    Error: browserType.launch: Executable doesn't exist at /Users/hatem/Library/Caches/ms-playwright/webkit-2203/pw_run.sh
    ╔═════════════════════════════════════════════════════════════════════════╗
    ║ Looks like Playwright Test or Playwright was just installed or updated. ║
    ║ Please run the following command to download new browsers:              ║
    ║                                                                         ║
    ║     npx playwright install                                              ║
    ║                                                                         ║
    ║ <3 Playwright Team                                                      ║
    ╚═════════════════════════════════════════════════════════════════════════╝
]]>
</failure>
</testcase>
<testcase name="Travel Page › shows featured itineraries" classname="pages.spec.ts" time="0.006">
<failure message="pages.spec.ts:124:7 shows featured itineraries" type="FAILURE">
<![CDATA[  [webkit] › pages.spec.ts:124:7 › Travel Page › shows featured itineraries ────────────────────────

    Error: browserType.launch: Executable doesn't exist at /Users/hatem/Library/Caches/ms-playwright/webkit-2203/pw_run.sh
    ╔═════════════════════════════════════════════════════════════════════════╗
    ║ Looks like Playwright Test or Playwright was just installed or updated. ║
    ║ Please run the following command to download new browsers:              ║
    ║                                                                         ║
    ║     npx playwright install                                              ║
    ║                                                                         ║
    ║ <3 Playwright Team                                                      ║
    ╚═════════════════════════════════════════════════════════════════════════╝
]]>
</failure>
</testcase>
<testcase name="Travel Page › displays travel essentials" classname="pages.spec.ts" time="0.008">
<failure message="pages.spec.ts:128:7 displays travel essentials" type="FAILURE">
<![CDATA[  [webkit] › pages.spec.ts:128:7 › Travel Page › displays travel essentials ────────────────────────

    Error: browserType.launch: Executable doesn't exist at /Users/hatem/Library/Caches/ms-playwright/webkit-2203/pw_run.sh
    ╔═════════════════════════════════════════════════════════════════════════╗
    ║ Looks like Playwright Test or Playwright was just installed or updated. ║
    ║ Please run the following command to download new browsers:              ║
    ║                                                                         ║
    ║     npx playwright install                                              ║
    ║                                                                         ║
    ║ <3 Playwright Team                                                      ║
    ╚═════════════════════════════════════════════════════════════════════════╝
]]>
</failure>
</testcase>
<testcase name="Travel Page › shows transportation options" classname="pages.spec.ts" time="0.006">
<failure message="pages.spec.ts:132:7 shows transportation options" type="FAILURE">
<![CDATA[  [webkit] › pages.spec.ts:132:7 › Travel Page › shows transportation options ──────────────────────

    Error: browserType.launch: Executable doesn't exist at /Users/hatem/Library/Caches/ms-playwright/webkit-2203/pw_run.sh
    ╔═════════════════════════════════════════════════════════════════════════╗
    ║ Looks like Playwright Test or Playwright was just installed or updated. ║
    ║ Please run the following command to download new browsers:              ║
    ║                                                                         ║
    ║     npx playwright install                                              ║
    ║                                                                         ║
    ║ <3 Playwright Team                                                      ║
    ╚═════════════════════════════════════════════════════════════════════════╝
]]>
</failure>
</testcase>
</testsuite>
<testsuite name="functionality.spec.ts" timestamp="2025-09-04T22:31:42.664Z" hostname="Mobile Chrome" tests="14" failures="14" skipped="0" time="0.091" errors="0">
<testcase name="Visa Page › displays visa hero section" classname="functionality.spec.ts" time="0.007">
<failure message="functionality.spec.ts:8:7 displays visa hero section" type="FAILURE">
<![CDATA[  [Mobile Chrome] › functionality.spec.ts:8:7 › Visa Page › displays visa hero section ─────────────

    Error: browserType.launch: Executable doesn't exist at /Users/hatem/Library/Caches/ms-playwright/chromium_headless_shell-1187/chrome-mac/headless_shell
    ╔═════════════════════════════════════════════════════════════════════════╗
    ║ Looks like Playwright Test or Playwright was just installed or updated. ║
    ║ Please run the following command to download new browsers:              ║
    ║                                                                         ║
    ║     npx playwright install                                              ║
    ║                                                                         ║
    ║ <3 Playwright Team                                                      ║
    ╚═════════════════════════════════════════════════════════════════════════╝
]]>
</failure>
</testcase>
<testcase name="Visa Page › shows visa types section" classname="functionality.spec.ts" time="0.008">
<failure message="functionality.spec.ts:13:7 shows visa types section" type="FAILURE">
<![CDATA[  [Mobile Chrome] › functionality.spec.ts:13:7 › Visa Page › shows visa types section ──────────────

    Error: browserType.launch: Executable doesn't exist at /Users/hatem/Library/Caches/ms-playwright/chromium_headless_shell-1187/chrome-mac/headless_shell
    ╔═════════════════════════════════════════════════════════════════════════╗
    ║ Looks like Playwright Test or Playwright was just installed or updated. ║
    ║ Please run the following command to download new browsers:              ║
    ║                                                                         ║
    ║     npx playwright install                                              ║
    ║                                                                         ║
    ║ <3 Playwright Team                                                      ║
    ╚═════════════════════════════════════════════════════════════════════════╝
]]>
</failure>
</testcase>
<testcase name="Visa Page › displays visa checklist" classname="functionality.spec.ts" time="0.005">
<failure message="functionality.spec.ts:17:7 displays visa checklist" type="FAILURE">
<![CDATA[  [Mobile Chrome] › functionality.spec.ts:17:7 › Visa Page › displays visa checklist ───────────────

    Error: browserType.launch: Executable doesn't exist at /Users/hatem/Library/Caches/ms-playwright/chromium_headless_shell-1187/chrome-mac/headless_shell
    ╔═════════════════════════════════════════════════════════════════════════╗
    ║ Looks like Playwright Test or Playwright was just installed or updated. ║
    ║ Please run the following command to download new browsers:              ║
    ║                                                                         ║
    ║     npx playwright install                                              ║
    ║                                                                         ║
    ║ <3 Playwright Team                                                      ║
    ╚═════════════════════════════════════════════════════════════════════════╝
]]>
</failure>
</testcase>
<testcase name="Visa Page › shows official sources" classname="functionality.spec.ts" time="0.005">
<failure message="functionality.spec.ts:21:7 shows official sources" type="FAILURE">
<![CDATA[  [Mobile Chrome] › functionality.spec.ts:21:7 › Visa Page › shows official sources ────────────────

    Error: browserType.launch: Executable doesn't exist at /Users/hatem/Library/Caches/ms-playwright/chromium_headless_shell-1187/chrome-mac/headless_shell
    ╔═════════════════════════════════════════════════════════════════════════╗
    ║ Looks like Playwright Test or Playwright was just installed or updated. ║
    ║ Please run the following command to download new browsers:              ║
    ║                                                                         ║
    ║     npx playwright install                                              ║
    ║                                                                         ║
    ║ <3 Playwright Team                                                      ║
    ╚═════════════════════════════════════════════════════════════════════════╝
]]>
</failure>
</testcase>
<testcase name="Visa Page › checklist download functionality" classname="functionality.spec.ts" time="0.009">
<failure message="functionality.spec.ts:25:7 checklist download functionality" type="FAILURE">
<![CDATA[  [Mobile Chrome] › functionality.spec.ts:25:7 › Visa Page › checklist download functionality ──────

    Error: browserType.launch: Executable doesn't exist at /Users/hatem/Library/Caches/ms-playwright/chromium_headless_shell-1187/chrome-mac/headless_shell
    ╔═════════════════════════════════════════════════════════════════════════╗
    ║ Looks like Playwright Test or Playwright was just installed or updated. ║
    ║ Please run the following command to download new browsers:              ║
    ║                                                                         ║
    ║     npx playwright install                                              ║
    ║                                                                         ║
    ║ <3 Playwright Team                                                      ║
    ╚═════════════════════════════════════════════════════════════════════════╝
]]>
</failure>
</testcase>
<testcase name="Internationalization › Romanian language pages load correctly" classname="functionality.spec.ts" time="0.005">
<failure message="functionality.spec.ts:35:7 Romanian language pages load correctly" type="FAILURE">
<![CDATA[  [Mobile Chrome] › functionality.spec.ts:35:7 › Internationalization › Romanian language pages load correctly 

    Error: browserType.launch: Executable doesn't exist at /Users/hatem/Library/Caches/ms-playwright/chromium_headless_shell-1187/chrome-mac/headless_shell
    ╔═════════════════════════════════════════════════════════════════════════╗
    ║ Looks like Playwright Test or Playwright was just installed or updated. ║
    ║ Please run the following command to download new browsers:              ║
    ║                                                                         ║
    ║     npx playwright install                                              ║
    ║                                                                         ║
    ║ <3 Playwright Team                                                      ║
    ╚═════════════════════════════════════════════════════════════════════════╝
]]>
</failure>
</testcase>
<testcase name="Internationalization › language switcher maintains page context" classname="functionality.spec.ts" time="0.011">
<failure message="functionality.spec.ts:53:7 language switcher maintains page context" type="FAILURE">
<![CDATA[  [Mobile Chrome] › functionality.spec.ts:53:7 › Internationalization › language switcher maintains page context 

    Error: browserType.launch: Executable doesn't exist at /Users/hatem/Library/Caches/ms-playwright/chromium_headless_shell-1187/chrome-mac/headless_shell
    ╔═════════════════════════════════════════════════════════════════════════╗
    ║ Looks like Playwright Test or Playwright was just installed or updated. ║
    ║ Please run the following command to download new browsers:              ║
    ║                                                                         ║
    ║     npx playwright install                                              ║
    ║                                                                         ║
    ║ <3 Playwright Team                                                      ║
    ╚═════════════════════════════════════════════════════════════════════════╝
]]>
</failure>
</testcase>
<testcase name="Accessibility › keyboard navigation works" classname="functionality.spec.ts" time="0.009">
<failure message="functionality.spec.ts:75:7 keyboard navigation works" type="FAILURE">
<![CDATA[  [Mobile Chrome] › functionality.spec.ts:75:7 › Accessibility › keyboard navigation works ─────────

    Error: browserType.launch: Executable doesn't exist at /Users/hatem/Library/Caches/ms-playwright/chromium_headless_shell-1187/chrome-mac/headless_shell
    ╔═════════════════════════════════════════════════════════════════════════╗
    ║ Looks like Playwright Test or Playwright was just installed or updated. ║
    ║ Please run the following command to download new browsers:              ║
    ║                                                                         ║
    ║     npx playwright install                                              ║
    ║                                                                         ║
    ║ <3 Playwright Team                                                      ║
    ╚═════════════════════════════════════════════════════════════════════════╝
]]>
</failure>
</testcase>
<testcase name="Accessibility › images have alt text" classname="functionality.spec.ts" time="0.006">
<failure message="functionality.spec.ts:87:7 images have alt text" type="FAILURE">
<![CDATA[  [Mobile Chrome] › functionality.spec.ts:87:7 › Accessibility › images have alt text ──────────────

    Error: browserType.launch: Executable doesn't exist at /Users/hatem/Library/Caches/ms-playwright/chromium_headless_shell-1187/chrome-mac/headless_shell
    ╔═════════════════════════════════════════════════════════════════════════╗
    ║ Looks like Playwright Test or Playwright was just installed or updated. ║
    ║ Please run the following command to download new browsers:              ║
    ║                                                                         ║
    ║     npx playwright install                                              ║
    ║                                                                         ║
    ║ <3 Playwright Team                                                      ║
    ╚═════════════════════════════════════════════════════════════════════════╝
]]>
</failure>
</testcase>
<testcase name="Accessibility › buttons have accessible names" classname="functionality.spec.ts" time="0.006">
<failure message="functionality.spec.ts:103:7 buttons have accessible names" type="FAILURE">
<![CDATA[  [Mobile Chrome] › functionality.spec.ts:103:7 › Accessibility › buttons have accessible names ────

    Error: browserType.launch: Executable doesn't exist at /Users/hatem/Library/Caches/ms-playwright/chromium_headless_shell-1187/chrome-mac/headless_shell
    ╔═════════════════════════════════════════════════════════════════════════╗
    ║ Looks like Playwright Test or Playwright was just installed or updated. ║
    ║ Please run the following command to download new browsers:              ║
    ║                                                                         ║
    ║     npx playwright install                                              ║
    ║                                                                         ║
    ║ <3 Playwright Team                                                      ║
    ╚═════════════════════════════════════════════════════════════════════════╝
]]>
</failure>
</testcase>
<testcase name="Performance › pages load within reasonable time" classname="functionality.spec.ts" time="0.005">
<failure message="functionality.spec.ts:121:7 pages load within reasonable time" type="FAILURE">
<![CDATA[  [Mobile Chrome] › functionality.spec.ts:121:7 › Performance › pages load within reasonable time ──

    Error: browserType.launch: Executable doesn't exist at /Users/hatem/Library/Caches/ms-playwright/chromium_headless_shell-1187/chrome-mac/headless_shell
    ╔═════════════════════════════════════════════════════════════════════════╗
    ║ Looks like Playwright Test or Playwright was just installed or updated. ║
    ║ Please run the following command to download new browsers:              ║
    ║                                                                         ║
    ║     npx playwright install                                              ║
    ║                                                                         ║
    ║ <3 Playwright Team                                                      ║
    ╚═════════════════════════════════════════════════════════════════════════╝
]]>
</failure>
</testcase>
<testcase name="Performance › no console errors on main pages" classname="functionality.spec.ts" time="0.006">
<failure message="functionality.spec.ts:134:7 no console errors on main pages" type="FAILURE">
<![CDATA[  [Mobile Chrome] › functionality.spec.ts:134:7 › Performance › no console errors on main pages ────

    Error: browserType.launch: Executable doesn't exist at /Users/hatem/Library/Caches/ms-playwright/chromium_headless_shell-1187/chrome-mac/headless_shell
    ╔═════════════════════════════════════════════════════════════════════════╗
    ║ Looks like Playwright Test or Playwright was just installed or updated. ║
    ║ Please run the following command to download new browsers:              ║
    ║                                                                         ║
    ║     npx playwright install                                              ║
    ║                                                                         ║
    ║ <3 Playwright Team                                                      ║
    ╚═════════════════════════════════════════════════════════════════════════╝
]]>
</failure>
</testcase>
<testcase name="Links and Navigation › external links open in new tabs" classname="functionality.spec.ts" time="0.004">
<failure message="functionality.spec.ts:153:7 external links open in new tabs" type="FAILURE">
<![CDATA[  [Mobile Chrome] › functionality.spec.ts:153:7 › Links and Navigation › external links open in new tabs 

    Error: browserType.launch: Executable doesn't exist at /Users/hatem/Library/Caches/ms-playwright/chromium_headless_shell-1187/chrome-mac/headless_shell
    ╔═════════════════════════════════════════════════════════════════════════╗
    ║ Looks like Playwright Test or Playwright was just installed or updated. ║
    ║ Please run the following command to download new browsers:              ║
    ║                                                                         ║
    ║     npx playwright install                                              ║
    ║                                                                         ║
    ║ <3 Playwright Team                                                      ║
    ╚═════════════════════════════════════════════════════════════════════════╝
]]>
</failure>
</testcase>
<testcase name="Links and Navigation › internal navigation works correctly" classname="functionality.spec.ts" time="0.005">
<failure message="functionality.spec.ts:174:7 internal navigation works correctly" type="FAILURE">
<![CDATA[  [Mobile Chrome] › functionality.spec.ts:174:7 › Links and Navigation › internal navigation works correctly 

    Error: browserType.launch: Executable doesn't exist at /Users/hatem/Library/Caches/ms-playwright/chromium_headless_shell-1187/chrome-mac/headless_shell
    ╔═════════════════════════════════════════════════════════════════════════╗
    ║ Looks like Playwright Test or Playwright was just installed or updated. ║
    ║ Please run the following command to download new browsers:              ║
    ║                                                                         ║
    ║     npx playwright install                                              ║
    ║                                                                         ║
    ║ <3 Playwright Team                                                      ║
    ╚═════════════════════════════════════════════════════════════════════════╝
]]>
</failure>
</testcase>
</testsuite>
<testsuite name="health.spec.ts" timestamp="2025-09-04T22:31:42.664Z" hostname="Mobile Chrome" tests="7" failures="7" skipped="0" time="0.068" errors="0">
<testcase name="Health Checks › homepage loads successfully" classname="health.spec.ts" time="0.041">
<failure message="health.spec.ts:4:7 homepage loads successfully" type="FAILURE">
<![CDATA[  [Mobile Chrome] › health.spec.ts:4:7 › Health Checks › homepage loads successfully ───────────────

    Error: browserType.launch: Executable doesn't exist at /Users/hatem/Library/Caches/ms-playwright/chromium_headless_shell-1187/chrome-mac/headless_shell
    ╔═════════════════════════════════════════════════════════════════════════╗
    ║ Looks like Playwright Test or Playwright was just installed or updated. ║
    ║ Please run the following command to download new browsers:              ║
    ║                                                                         ║
    ║     npx playwright install                                              ║
    ║                                                                         ║
    ║ <3 Playwright Team                                                      ║
    ╚═════════════════════════════════════════════════════════════════════════╝
]]>
</failure>
</testcase>
<testcase name="Health Checks › all main navigation pages load" classname="health.spec.ts" time="0.005">
<failure message="health.spec.ts:10:7 all main navigation pages load" type="FAILURE">
<![CDATA[  [Mobile Chrome] › health.spec.ts:10:7 › Health Checks › all main navigation pages load ───────────

    Error: browserType.launch: Executable doesn't exist at /Users/hatem/Library/Caches/ms-playwright/chromium_headless_shell-1187/chrome-mac/headless_shell
    ╔═════════════════════════════════════════════════════════════════════════╗
    ║ Looks like Playwright Test or Playwright was just installed or updated. ║
    ║ Please run the following command to download new browsers:              ║
    ║                                                                         ║
    ║     npx playwright install                                              ║
    ║                                                                         ║
    ║ <3 Playwright Team                                                      ║
    ╚═════════════════════════════════════════════════════════════════════════╝
]]>
</failure>
</testcase>
<testcase name="Health Checks › language switching works" classname="health.spec.ts" time="0.004">
<failure message="health.spec.ts:27:7 language switching works" type="FAILURE">
<![CDATA[  [Mobile Chrome] › health.spec.ts:27:7 › Health Checks › language switching works ─────────────────

    Error: browserType.launch: Executable doesn't exist at /Users/hatem/Library/Caches/ms-playwright/chromium_headless_shell-1187/chrome-mac/headless_shell
    ╔═════════════════════════════════════════════════════════════════════════╗
    ║ Looks like Playwright Test or Playwright was just installed or updated. ║
    ║ Please run the following command to download new browsers:              ║
    ║                                                                         ║
    ║     npx playwright install                                              ║
    ║                                                                         ║
    ║ <3 Playwright Team                                                      ║
    ╚═════════════════════════════════════════════════════════════════════════╝
]]>
</failure>
</testcase>
<testcase name="Health Checks › legal pages are accessible" classname="health.spec.ts" time="0.004">
<failure message="health.spec.ts:41:7 legal pages are accessible" type="FAILURE">
<![CDATA[  [Mobile Chrome] › health.spec.ts:41:7 › Health Checks › legal pages are accessible ───────────────

    Error: browserType.launch: Executable doesn't exist at /Users/hatem/Library/Caches/ms-playwright/chromium_headless_shell-1187/chrome-mac/headless_shell
    ╔═════════════════════════════════════════════════════════════════════════╗
    ║ Looks like Playwright Test or Playwright was just installed or updated. ║
    ║ Please run the following command to download new browsers:              ║
    ║                                                                         ║
    ║     npx playwright install                                              ║
    ║                                                                         ║
    ║ <3 Playwright Team                                                      ║
    ╚═════════════════════════════════════════════════════════════════════════╝
]]>
</failure>
</testcase>
<testcase name="Health Checks › footer links work" classname="health.spec.ts" time="0.004">
<failure message="health.spec.ts:51:7 footer links work" type="FAILURE">
<![CDATA[  [Mobile Chrome] › health.spec.ts:51:7 › Health Checks › footer links work ────────────────────────

    Error: browserType.launch: Executable doesn't exist at /Users/hatem/Library/Caches/ms-playwright/chromium_headless_shell-1187/chrome-mac/headless_shell
    ╔═════════════════════════════════════════════════════════════════════════╗
    ║ Looks like Playwright Test or Playwright was just installed or updated. ║
    ║ Please run the following command to download new browsers:              ║
    ║                                                                         ║
    ║     npx playwright install                                              ║
    ║                                                                         ║
    ║ <3 Playwright Team                                                      ║
    ╚═════════════════════════════════════════════════════════════════════════╝
]]>
</failure>
</testcase>
<testcase name="Health Checks › back button functionality" classname="health.spec.ts" time="0.005">
<failure message="health.spec.ts:65:7 back button functionality" type="FAILURE">
<![CDATA[  [Mobile Chrome] › health.spec.ts:65:7 › Health Checks › back button functionality ────────────────

    Error: browserType.launch: Executable doesn't exist at /Users/hatem/Library/Caches/ms-playwright/chromium_headless_shell-1187/chrome-mac/headless_shell
    ╔═════════════════════════════════════════════════════════════════════════╗
    ║ Looks like Playwright Test or Playwright was just installed or updated. ║
    ║ Please run the following command to download new browsers:              ║
    ║                                                                         ║
    ║     npx playwright install                                              ║
    ║                                                                         ║
    ║ <3 Playwright Team                                                      ║
    ╚═════════════════════════════════════════════════════════════════════════╝
]]>
</failure>
</testcase>
<testcase name="Health Checks › responsive design works" classname="health.spec.ts" time="0.005">
<failure message="health.spec.ts:79:7 responsive design works" type="FAILURE">
<![CDATA[  [Mobile Chrome] › health.spec.ts:79:7 › Health Checks › responsive design works ──────────────────

    Error: browserType.launch: Executable doesn't exist at /Users/hatem/Library/Caches/ms-playwright/chromium_headless_shell-1187/chrome-mac/headless_shell
    ╔═════════════════════════════════════════════════════════════════════════╗
    ║ Looks like Playwright Test or Playwright was just installed or updated. ║
    ║ Please run the following command to download new browsers:              ║
    ║                                                                         ║
    ║     npx playwright install                                              ║
    ║                                                                         ║
    ║ <3 Playwright Team                                                      ║
    ╚═════════════════════════════════════════════════════════════════════════╝
]]>
</failure>
</testcase>
</testsuite>
<testsuite name="home.spec.ts" timestamp="2025-09-04T22:31:42.664Z" hostname="Mobile Chrome" tests="5" failures="5" skipped="0" time="0.023" errors="0">
<testcase name="Home Page › displays main hero content" classname="home.spec.ts" time="0.004">
<failure message="home.spec.ts:4:7 displays main hero content" type="FAILURE">
<![CDATA[  [Mobile Chrome] › home.spec.ts:4:7 › Home Page › displays main hero content ──────────────────────

    Error: browserType.launch: Executable doesn't exist at /Users/hatem/Library/Caches/ms-playwright/chromium_headless_shell-1187/chrome-mac/headless_shell
    ╔═════════════════════════════════════════════════════════════════════════╗
    ║ Looks like Playwright Test or Playwright was just installed or updated. ║
    ║ Please run the following command to download new browsers:              ║
    ║                                                                         ║
    ║     npx playwright install                                              ║
    ║                                                                         ║
    ║ <3 Playwright Team                                                      ║
    ╚═════════════════════════════════════════════════════════════════════════╝
]]>
</failure>
</testcase>
<testcase name="Home Page › shows value pillars" classname="home.spec.ts" time="0.005">
<failure message="home.spec.ts:13:7 shows value pillars" type="FAILURE">
<![CDATA[  [Mobile Chrome] › home.spec.ts:13:7 › Home Page › shows value pillars ────────────────────────────

    Error: browserType.launch: Executable doesn't exist at /Users/hatem/Library/Caches/ms-playwright/chromium_headless_shell-1187/chrome-mac/headless_shell
    ╔═════════════════════════════════════════════════════════════════════════╗
    ║ Looks like Playwright Test or Playwright was just installed or updated. ║
    ║ Please run the following command to download new browsers:              ║
    ║                                                                         ║
    ║     npx playwright install                                              ║
    ║                                                                         ║
    ║ <3 Playwright Team                                                      ║
    ╚═════════════════════════════════════════════════════════════════════════╝
]]>
</failure>
</testcase>
<testcase name="Home Page › navigation cards are functional" classname="home.spec.ts" time="0.005">
<failure message="home.spec.ts:23:7 navigation cards are functional" type="FAILURE">
<![CDATA[  [Mobile Chrome] › home.spec.ts:23:7 › Home Page › navigation cards are functional ────────────────

    Error: browserType.launch: Executable doesn't exist at /Users/hatem/Library/Caches/ms-playwright/chromium_headless_shell-1187/chrome-mac/headless_shell
    ╔═════════════════════════════════════════════════════════════════════════╗
    ║ Looks like Playwright Test or Playwright was just installed or updated. ║
    ║ Please run the following command to download new browsers:              ║
    ║                                                                         ║
    ║     npx playwright install                                              ║
    ║                                                                         ║
    ║ <3 Playwright Team                                                      ║
    ╚═════════════════════════════════════════════════════════════════════════╝
]]>
</failure>
</testcase>
<testcase name="Home Page › footer CTA section exists" classname="home.spec.ts" time="0.005">
<failure message="home.spec.ts:42:7 footer CTA section exists" type="FAILURE">
<![CDATA[  [Mobile Chrome] › home.spec.ts:42:7 › Home Page › footer CTA section exists ──────────────────────

    Error: browserType.launch: Executable doesn't exist at /Users/hatem/Library/Caches/ms-playwright/chromium_headless_shell-1187/chrome-mac/headless_shell
    ╔═════════════════════════════════════════════════════════════════════════╗
    ║ Looks like Playwright Test or Playwright was just installed or updated. ║
    ║ Please run the following command to download new browsers:              ║
    ║                                                                         ║
    ║     npx playwright install                                              ║
    ║                                                                         ║
    ║ <3 Playwright Team                                                      ║
    ╚═════════════════════════════════════════════════════════════════════════╝
]]>
</failure>
</testcase>
<testcase name="Home Page › ribbon and language selector work" classname="home.spec.ts" time="0.004">
<failure message="home.spec.ts:49:7 ribbon and language selector work" type="FAILURE">
<![CDATA[  [Mobile Chrome] › home.spec.ts:49:7 › Home Page › ribbon and language selector work ──────────────

    Error: browserType.launch: Executable doesn't exist at /Users/hatem/Library/Caches/ms-playwright/chromium_headless_shell-1187/chrome-mac/headless_shell
    ╔═════════════════════════════════════════════════════════════════════════╗
    ║ Looks like Playwright Test or Playwright was just installed or updated. ║
    ║ Please run the following command to download new browsers:              ║
    ║                                                                         ║
    ║     npx playwright install                                              ║
    ║                                                                         ║
    ║ <3 Playwright Team                                                      ║
    ╚═════════════════════════════════════════════════════════════════════════╝
]]>
</failure>
</testcase>
</testsuite>
<testsuite name="pages.spec.ts" timestamp="2025-09-04T22:31:42.664Z" hostname="Mobile Chrome" tests="18" failures="18" skipped="0" time="0.092" errors="0">
<testcase name="Business Page › displays business hero section" classname="pages.spec.ts" time="0.005">
<failure message="pages.spec.ts:8:7 displays business hero section" type="FAILURE">
<![CDATA[  [Mobile Chrome] › pages.spec.ts:8:7 › Business Page › displays business hero section ─────────────

    Error: browserType.launch: Executable doesn't exist at /Users/hatem/Library/Caches/ms-playwright/chromium_headless_shell-1187/chrome-mac/headless_shell
    ╔═════════════════════════════════════════════════════════════════════════╗
    ║ Looks like Playwright Test or Playwright was just installed or updated. ║
    ║ Please run the following command to download new browsers:              ║
    ║                                                                         ║
    ║     npx playwright install                                              ║
    ║                                                                         ║
    ║ <3 Playwright Team                                                      ║
    ╚═════════════════════════════════════════════════════════════════════════╝
]]>
</failure>
</testcase>
<testcase name="Business Page › shows business structure options" classname="pages.spec.ts" time="0.005">
<failure message="pages.spec.ts:13:7 shows business structure options" type="FAILURE">
<![CDATA[  [Mobile Chrome] › pages.spec.ts:13:7 › Business Page › shows business structure options ──────────

    Error: browserType.launch: Executable doesn't exist at /Users/hatem/Library/Caches/ms-playwright/chromium_headless_shell-1187/chrome-mac/headless_shell
    ╔═════════════════════════════════════════════════════════════════════════╗
    ║ Looks like Playwright Test or Playwright was just installed or updated. ║
    ║ Please run the following command to download new browsers:              ║
    ║                                                                         ║
    ║     npx playwright install                                              ║
    ║                                                                         ║
    ║ <3 Playwright Team                                                      ║
    ╚═════════════════════════════════════════════════════════════════════════╝
]]>
</failure>
</testcase>
<testcase name="Business Page › displays investment opportunities" classname="pages.spec.ts" time="0.005">
<failure message="pages.spec.ts:20:7 displays investment opportunities" type="FAILURE">
<![CDATA[  [Mobile Chrome] › pages.spec.ts:20:7 › Business Page › displays investment opportunities ─────────

    Error: browserType.launch: Executable doesn't exist at /Users/hatem/Library/Caches/ms-playwright/chromium_headless_shell-1187/chrome-mac/headless_shell
    ╔═════════════════════════════════════════════════════════════════════════╗
    ║ Looks like Playwright Test or Playwright was just installed or updated. ║
    ║ Please run the following command to download new browsers:              ║
    ║                                                                         ║
    ║     npx playwright install                                              ║
    ║                                                                         ║
    ║ <3 Playwright Team                                                      ║
    ╚═════════════════════════════════════════════════════════════════════════╝
]]>
</failure>
</testcase>
<testcase name="Business Page › shows step-by-step process" classname="pages.spec.ts" time="0.004">
<failure message="pages.spec.ts:28:7 shows step-by-step process" type="FAILURE">
<![CDATA[  [Mobile Chrome] › pages.spec.ts:28:7 › Business Page › shows step-by-step process ────────────────

    Error: browserType.launch: Executable doesn't exist at /Users/hatem/Library/Caches/ms-playwright/chromium_headless_shell-1187/chrome-mac/headless_shell
    ╔═════════════════════════════════════════════════════════════════════════╗
    ║ Looks like Playwright Test or Playwright was just installed or updated. ║
    ║ Please run the following command to download new browsers:              ║
    ║                                                                         ║
    ║     npx playwright install                                              ║
    ║                                                                         ║
    ║ <3 Playwright Team                                                      ║
    ╚═════════════════════════════════════════════════════════════════════════╝
]]>
</failure>
</testcase>
<testcase name="Business Page › displays resources section" classname="pages.spec.ts" time="0.005">
<failure message="pages.spec.ts:36:7 displays resources section" type="FAILURE">
<![CDATA[  [Mobile Chrome] › pages.spec.ts:36:7 › Business Page › displays resources section ────────────────

    Error: browserType.launch: Executable doesn't exist at /Users/hatem/Library/Caches/ms-playwright/chromium_headless_shell-1187/chrome-mac/headless_shell
    ╔═════════════════════════════════════════════════════════════════════════╗
    ║ Looks like Playwright Test or Playwright was just installed or updated. ║
    ║ Please run the following command to download new browsers:              ║
    ║                                                                         ║
    ║     npx playwright install                                              ║
    ║                                                                         ║
    ║ <3 Playwright Team                                                      ║
    ╚═════════════════════════════════════════════════════════════════════════╝
]]>
</failure>
</testcase>
<testcase name="Business Page › resource links are properly formatted" classname="pages.spec.ts" time="0.005">
<failure message="pages.spec.ts:43:7 resource links are properly formatted" type="FAILURE">
<![CDATA[  [Mobile Chrome] › pages.spec.ts:43:7 › Business Page › resource links are properly formatted ─────

    Error: browserType.launch: Executable doesn't exist at /Users/hatem/Library/Caches/ms-playwright/chromium_headless_shell-1187/chrome-mac/headless_shell
    ╔═════════════════════════════════════════════════════════════════════════╗
    ║ Looks like Playwright Test or Playwright was just installed or updated. ║
    ║ Please run the following command to download new browsers:              ║
    ║                                                                         ║
    ║     npx playwright install                                              ║
    ║                                                                         ║
    ║ <3 Playwright Team                                                      ║
    ╚═════════════════════════════════════════════════════════════════════════╝
]]>
</failure>
</testcase>
<testcase name="Work Page › displays work hero section" classname="pages.spec.ts" time="0.005">
<failure message="pages.spec.ts:61:7 displays work hero section" type="FAILURE">
<![CDATA[  [Mobile Chrome] › pages.spec.ts:61:7 › Work Page › displays work hero section ────────────────────

    Error: browserType.launch: Executable doesn't exist at /Users/hatem/Library/Caches/ms-playwright/chromium_headless_shell-1187/chrome-mac/headless_shell
    ╔═════════════════════════════════════════════════════════════════════════╗
    ║ Looks like Playwright Test or Playwright was just installed or updated. ║
    ║ Please run the following command to download new browsers:              ║
    ║                                                                         ║
    ║     npx playwright install                                              ║
    ║                                                                         ║
    ║ <3 Playwright Team                                                      ║
    ╚═════════════════════════════════════════════════════════════════════════╝
]]>
</failure>
</testcase>
<testcase name="Work Page › shows work visa types" classname="pages.spec.ts" time="0.004">
<failure message="pages.spec.ts:66:7 shows work visa types" type="FAILURE">
<![CDATA[  [Mobile Chrome] › pages.spec.ts:66:7 › Work Page › shows work visa types ─────────────────────────

    Error: browserType.launch: Executable doesn't exist at /Users/hatem/Library/Caches/ms-playwright/chromium_headless_shell-1187/chrome-mac/headless_shell
    ╔═════════════════════════════════════════════════════════════════════════╗
    ║ Looks like Playwright Test or Playwright was just installed or updated. ║
    ║ Please run the following command to download new browsers:              ║
    ║                                                                         ║
    ║     npx playwright install                                              ║
    ║                                                                         ║
    ║ <3 Playwright Team                                                      ║
    ╚═════════════════════════════════════════════════════════════════════════╝
]]>
</failure>
</testcase>
<testcase name="Work Page › displays job markets section" classname="pages.spec.ts" time="0.005">
<failure message="pages.spec.ts:70:7 displays job markets section" type="FAILURE">
<![CDATA[  [Mobile Chrome] › pages.spec.ts:70:7 › Work Page › displays job markets section ──────────────────

    Error: browserType.launch: Executable doesn't exist at /Users/hatem/Library/Caches/ms-playwright/chromium_headless_shell-1187/chrome-mac/headless_shell
    ╔═════════════════════════════════════════════════════════════════════════╗
    ║ Looks like Playwright Test or Playwright was just installed or updated. ║
    ║ Please run the following command to download new browsers:              ║
    ║                                                                         ║
    ║     npx playwright install                                              ║
    ║                                                                         ║
    ║ <3 Playwright Team                                                      ║
    ╚═════════════════════════════════════════════════════════════════════════╝
]]>
</failure>
</testcase>
<testcase name="Work Page › shows work steps process" classname="pages.spec.ts" time="0.005">
<failure message="pages.spec.ts:74:7 shows work steps process" type="FAILURE">
<![CDATA[  [Mobile Chrome] › pages.spec.ts:74:7 › Work Page › shows work steps process ──────────────────────

    Error: browserType.launch: Executable doesn't exist at /Users/hatem/Library/Caches/ms-playwright/chromium_headless_shell-1187/chrome-mac/headless_shell
    ╔═════════════════════════════════════════════════════════════════════════╗
    ║ Looks like Playwright Test or Playwright was just installed or updated. ║
    ║ Please run the following command to download new browsers:              ║
    ║                                                                         ║
    ║     npx playwright install                                              ║
    ║                                                                         ║
    ║ <3 Playwright Team                                                      ║
    ╚═════════════════════════════════════════════════════════════════════════╝
]]>
</failure>
</testcase>
<testcase name="Study Page › displays study hero section" classname="pages.spec.ts" time="0.005">
<failure message="pages.spec.ts:88:7 displays study hero section" type="FAILURE">
<![CDATA[  [Mobile Chrome] › pages.spec.ts:88:7 › Study Page › displays study hero section ──────────────────

    Error: browserType.launch: Executable doesn't exist at /Users/hatem/Library/Caches/ms-playwright/chromium_headless_shell-1187/chrome-mac/headless_shell
    ╔═════════════════════════════════════════════════════════════════════════╗
    ║ Looks like Playwright Test or Playwright was just installed or updated. ║
    ║ Please run the following command to download new browsers:              ║
    ║                                                                         ║
    ║     npx playwright install                                              ║
    ║                                                                         ║
    ║ <3 Playwright Team                                                      ║
    ╚═════════════════════════════════════════════════════════════════════════╝
]]>
</failure>
</testcase>
<testcase name="Study Page › shows academic pathways" classname="pages.spec.ts" time="0.004">
<failure message="pages.spec.ts:93:7 shows academic pathways" type="FAILURE">
<![CDATA[  [Mobile Chrome] › pages.spec.ts:93:7 › Study Page › shows academic pathways ──────────────────────

    Error: browserType.launch: Executable doesn't exist at /Users/hatem/Library/Caches/ms-playwright/chromium_headless_shell-1187/chrome-mac/headless_shell
    ╔═════════════════════════════════════════════════════════════════════════╗
    ║ Looks like Playwright Test or Playwright was just installed or updated. ║
    ║ Please run the following command to download new browsers:              ║
    ║                                                                         ║
    ║     npx playwright install                                              ║
    ║                                                                         ║
    ║ <3 Playwright Team                                                      ║
    ╚═════════════════════════════════════════════════════════════════════════╝
]]>
</failure>
</testcase>
<testcase name="Study Page › displays university filters" classname="pages.spec.ts" time="0.005">
<failure message="pages.spec.ts:100:7 displays university filters" type="FAILURE">
<![CDATA[  [Mobile Chrome] › pages.spec.ts:100:7 › Study Page › displays university filters ─────────────────

    Error: browserType.launch: Executable doesn't exist at /Users/hatem/Library/Caches/ms-playwright/chromium_headless_shell-1187/chrome-mac/headless_shell
    ╔═════════════════════════════════════════════════════════════════════════╗
    ║ Looks like Playwright Test or Playwright was just installed or updated. ║
    ║ Please run the following command to download new browsers:              ║
    ║                                                                         ║
    ║     npx playwright install                                              ║
    ║                                                                         ║
    ║ <3 Playwright Team                                                      ║
    ╚═════════════════════════════════════════════════════════════════════════╝
]]>
</failure>
</testcase>
<testcase name="Study Page › shows study essentials section" classname="pages.spec.ts" time="0.005">
<failure message="pages.spec.ts:105:7 shows study essentials section" type="FAILURE">
<![CDATA[  [Mobile Chrome] › pages.spec.ts:105:7 › Study Page › shows study essentials section ──────────────

    Error: browserType.launch: Executable doesn't exist at /Users/hatem/Library/Caches/ms-playwright/chromium_headless_shell-1187/chrome-mac/headless_shell
    ╔═════════════════════════════════════════════════════════════════════════╗
    ║ Looks like Playwright Test or Playwright was just installed or updated. ║
    ║ Please run the following command to download new browsers:              ║
    ║                                                                         ║
    ║     npx playwright install                                              ║
    ║                                                                         ║
    ║ <3 Playwright Team                                                      ║
    ╚═════════════════════════════════════════════════════════════════════════╝
]]>
</failure>
</testcase>
<testcase name="Travel Page › displays travel hero section" classname="pages.spec.ts" time="0.005">
<failure message="pages.spec.ts:119:7 displays travel hero section" type="FAILURE">
<![CDATA[  [Mobile Chrome] › pages.spec.ts:119:7 › Travel Page › displays travel hero section ───────────────

    Error: browserType.launch: Executable doesn't exist at /Users/hatem/Library/Caches/ms-playwright/chromium_headless_shell-1187/chrome-mac/headless_shell
    ╔═════════════════════════════════════════════════════════════════════════╗
    ║ Looks like Playwright Test or Playwright was just installed or updated. ║
    ║ Please run the following command to download new browsers:              ║
    ║                                                                         ║
    ║     npx playwright install                                              ║
    ║                                                                         ║
    ║ <3 Playwright Team                                                      ║
    ╚═════════════════════════════════════════════════════════════════════════╝
]]>
</failure>
</testcase>
<testcase name="Travel Page › shows featured itineraries" classname="pages.spec.ts" time="0.006">
<failure message="pages.spec.ts:124:7 shows featured itineraries" type="FAILURE">
<![CDATA[  [Mobile Chrome] › pages.spec.ts:124:7 › Travel Page › shows featured itineraries ─────────────────

    Error: browserType.launch: Executable doesn't exist at /Users/hatem/Library/Caches/ms-playwright/chromium_headless_shell-1187/chrome-mac/headless_shell
    ╔═════════════════════════════════════════════════════════════════════════╗
    ║ Looks like Playwright Test or Playwright was just installed or updated. ║
    ║ Please run the following command to download new browsers:              ║
    ║                                                                         ║
    ║     npx playwright install                                              ║
    ║                                                                         ║
    ║ <3 Playwright Team                                                      ║
    ╚═════════════════════════════════════════════════════════════════════════╝
]]>
</failure>
</testcase>
<testcase name="Travel Page › displays travel essentials" classname="pages.spec.ts" time="0.01">
<failure message="pages.spec.ts:128:7 displays travel essentials" type="FAILURE">
<![CDATA[  [Mobile Chrome] › pages.spec.ts:128:7 › Travel Page › displays travel essentials ─────────────────

    Error: browserType.launch: Executable doesn't exist at /Users/hatem/Library/Caches/ms-playwright/chromium_headless_shell-1187/chrome-mac/headless_shell
    ╔═════════════════════════════════════════════════════════════════════════╗
    ║ Looks like Playwright Test or Playwright was just installed or updated. ║
    ║ Please run the following command to download new browsers:              ║
    ║                                                                         ║
    ║     npx playwright install                                              ║
    ║                                                                         ║
    ║ <3 Playwright Team                                                      ║
    ╚═════════════════════════════════════════════════════════════════════════╝
]]>
</failure>
</testcase>
<testcase name="Travel Page › shows transportation options" classname="pages.spec.ts" time="0.004">
<failure message="pages.spec.ts:132:7 shows transportation options" type="FAILURE">
<![CDATA[  [Mobile Chrome] › pages.spec.ts:132:7 › Travel Page › shows transportation options ───────────────

    Error: browserType.launch: Executable doesn't exist at /Users/hatem/Library/Caches/ms-playwright/chromium_headless_shell-1187/chrome-mac/headless_shell
    ╔═════════════════════════════════════════════════════════════════════════╗
    ║ Looks like Playwright Test or Playwright was just installed or updated. ║
    ║ Please run the following command to download new browsers:              ║
    ║                                                                         ║
    ║     npx playwright install                                              ║
    ║                                                                         ║
    ║ <3 Playwright Team                                                      ║
    ╚═════════════════════════════════════════════════════════════════════════╝
]]>
</failure>
</testcase>
</testsuite>
<testsuite name="functionality.spec.ts" timestamp="2025-09-04T22:31:42.664Z" hostname="Mobile Safari" tests="14" failures="14" skipped="0" time="0.099" errors="0">
<testcase name="Visa Page › displays visa hero section" classname="functionality.spec.ts" time="0.004">
<failure message="functionality.spec.ts:8:7 displays visa hero section" type="FAILURE">
<![CDATA[  [Mobile Safari] › functionality.spec.ts:8:7 › Visa Page › displays visa hero section ─────────────

    Error: browserType.launch: Executable doesn't exist at /Users/hatem/Library/Caches/ms-playwright/webkit-2203/pw_run.sh
    ╔═════════════════════════════════════════════════════════════════════════╗
    ║ Looks like Playwright Test or Playwright was just installed or updated. ║
    ║ Please run the following command to download new browsers:              ║
    ║                                                                         ║
    ║     npx playwright install                                              ║
    ║                                                                         ║
    ║ <3 Playwright Team                                                      ║
    ╚═════════════════════════════════════════════════════════════════════════╝
]]>
</failure>
</testcase>
<testcase name="Visa Page › shows visa types section" classname="functionality.spec.ts" time="0.005">
<failure message="functionality.spec.ts:13:7 shows visa types section" type="FAILURE">
<![CDATA[  [Mobile Safari] › functionality.spec.ts:13:7 › Visa Page › shows visa types section ──────────────

    Error: browserType.launch: Executable doesn't exist at /Users/hatem/Library/Caches/ms-playwright/webkit-2203/pw_run.sh
    ╔═════════════════════════════════════════════════════════════════════════╗
    ║ Looks like Playwright Test or Playwright was just installed or updated. ║
    ║ Please run the following command to download new browsers:              ║
    ║                                                                         ║
    ║     npx playwright install                                              ║
    ║                                                                         ║
    ║ <3 Playwright Team                                                      ║
    ╚═════════════════════════════════════════════════════════════════════════╝
]]>
</failure>
</testcase>
<testcase name="Visa Page › displays visa checklist" classname="functionality.spec.ts" time="0.005">
<failure message="functionality.spec.ts:17:7 displays visa checklist" type="FAILURE">
<![CDATA[  [Mobile Safari] › functionality.spec.ts:17:7 › Visa Page › displays visa checklist ───────────────

    Error: browserType.launch: Executable doesn't exist at /Users/hatem/Library/Caches/ms-playwright/webkit-2203/pw_run.sh
    ╔═════════════════════════════════════════════════════════════════════════╗
    ║ Looks like Playwright Test or Playwright was just installed or updated. ║
    ║ Please run the following command to download new browsers:              ║
    ║                                                                         ║
    ║     npx playwright install                                              ║
    ║                                                                         ║
    ║ <3 Playwright Team                                                      ║
    ╚═════════════════════════════════════════════════════════════════════════╝
]]>
</failure>
</testcase>
<testcase name="Visa Page › shows official sources" classname="functionality.spec.ts" time="0.005">
<failure message="functionality.spec.ts:21:7 shows official sources" type="FAILURE">
<![CDATA[  [Mobile Safari] › functionality.spec.ts:21:7 › Visa Page › shows official sources ────────────────

    Error: browserType.launch: Executable doesn't exist at /Users/hatem/Library/Caches/ms-playwright/webkit-2203/pw_run.sh
    ╔═════════════════════════════════════════════════════════════════════════╗
    ║ Looks like Playwright Test or Playwright was just installed or updated. ║
    ║ Please run the following command to download new browsers:              ║
    ║                                                                         ║
    ║     npx playwright install                                              ║
    ║                                                                         ║
    ║ <3 Playwright Team                                                      ║
    ╚═════════════════════════════════════════════════════════════════════════╝
]]>
</failure>
</testcase>
<testcase name="Visa Page › checklist download functionality" classname="functionality.spec.ts" time="0.005">
<failure message="functionality.spec.ts:25:7 checklist download functionality" type="FAILURE">
<![CDATA[  [Mobile Safari] › functionality.spec.ts:25:7 › Visa Page › checklist download functionality ──────

    Error: browserType.launch: Executable doesn't exist at /Users/hatem/Library/Caches/ms-playwright/webkit-2203/pw_run.sh
    ╔═════════════════════════════════════════════════════════════════════════╗
    ║ Looks like Playwright Test or Playwright was just installed or updated. ║
    ║ Please run the following command to download new browsers:              ║
    ║                                                                         ║
    ║     npx playwright install                                              ║
    ║                                                                         ║
    ║ <3 Playwright Team                                                      ║
    ╚═════════════════════════════════════════════════════════════════════════╝
]]>
</failure>
</testcase>
<testcase name="Internationalization › Romanian language pages load correctly" classname="functionality.spec.ts" time="0.005">
<failure message="functionality.spec.ts:35:7 Romanian language pages load correctly" type="FAILURE">
<![CDATA[  [Mobile Safari] › functionality.spec.ts:35:7 › Internationalization › Romanian language pages load correctly 

    Error: browserType.launch: Executable doesn't exist at /Users/hatem/Library/Caches/ms-playwright/webkit-2203/pw_run.sh
    ╔═════════════════════════════════════════════════════════════════════════╗
    ║ Looks like Playwright Test or Playwright was just installed or updated. ║
    ║ Please run the following command to download new browsers:              ║
    ║                                                                         ║
    ║     npx playwright install                                              ║
    ║                                                                         ║
    ║ <3 Playwright Team                                                      ║
    ╚═════════════════════════════════════════════════════════════════════════╝
]]>
</failure>
</testcase>
<testcase name="Internationalization › language switcher maintains page context" classname="functionality.spec.ts" time="0.01">
<failure message="functionality.spec.ts:53:7 language switcher maintains page context" type="FAILURE">
<![CDATA[  [Mobile Safari] › functionality.spec.ts:53:7 › Internationalization › language switcher maintains page context 

    Error: browserType.launch: Executable doesn't exist at /Users/hatem/Library/Caches/ms-playwright/webkit-2203/pw_run.sh
    ╔═════════════════════════════════════════════════════════════════════════╗
    ║ Looks like Playwright Test or Playwright was just installed or updated. ║
    ║ Please run the following command to download new browsers:              ║
    ║                                                                         ║
    ║     npx playwright install                                              ║
    ║                                                                         ║
    ║ <3 Playwright Team                                                      ║
    ╚═════════════════════════════════════════════════════════════════════════╝
]]>
</failure>
</testcase>
<testcase name="Accessibility › keyboard navigation works" classname="functionality.spec.ts" time="0.029">
<failure message="functionality.spec.ts:75:7 keyboard navigation works" type="FAILURE">
<![CDATA[  [Mobile Safari] › functionality.spec.ts:75:7 › Accessibility › keyboard navigation works ─────────

    Error: browserType.launch: Executable doesn't exist at /Users/hatem/Library/Caches/ms-playwright/webkit-2203/pw_run.sh
    ╔═════════════════════════════════════════════════════════════════════════╗
    ║ Looks like Playwright Test or Playwright was just installed or updated. ║
    ║ Please run the following command to download new browsers:              ║
    ║                                                                         ║
    ║     npx playwright install                                              ║
    ║                                                                         ║
    ║ <3 Playwright Team                                                      ║
    ╚═════════════════════════════════════════════════════════════════════════╝
]]>
</failure>
</testcase>
<testcase name="Accessibility › images have alt text" classname="functionality.spec.ts" time="0.006">
<failure message="functionality.spec.ts:87:7 images have alt text" type="FAILURE">
<![CDATA[  [Mobile Safari] › functionality.spec.ts:87:7 › Accessibility › images have alt text ──────────────

    Error: browserType.launch: Executable doesn't exist at /Users/hatem/Library/Caches/ms-playwright/webkit-2203/pw_run.sh
    ╔═════════════════════════════════════════════════════════════════════════╗
    ║ Looks like Playwright Test or Playwright was just installed or updated. ║
    ║ Please run the following command to download new browsers:              ║
    ║                                                                         ║
    ║     npx playwright install                                              ║
    ║                                                                         ║
    ║ <3 Playwright Team                                                      ║
    ╚═════════════════════════════════════════════════════════════════════════╝
]]>
</failure>
</testcase>
<testcase name="Accessibility › buttons have accessible names" classname="functionality.spec.ts" time="0.008">
<failure message="functionality.spec.ts:103:7 buttons have accessible names" type="FAILURE">
<![CDATA[  [Mobile Safari] › functionality.spec.ts:103:7 › Accessibility › buttons have accessible names ────

    Error: browserType.launch: Executable doesn't exist at /Users/hatem/Library/Caches/ms-playwright/webkit-2203/pw_run.sh
    ╔═════════════════════════════════════════════════════════════════════════╗
    ║ Looks like Playwright Test or Playwright was just installed or updated. ║
    ║ Please run the following command to download new browsers:              ║
    ║                                                                         ║
    ║     npx playwright install                                              ║
    ║                                                                         ║
    ║ <3 Playwright Team                                                      ║
    ╚═════════════════════════════════════════════════════════════════════════╝
]]>
</failure>
</testcase>
<testcase name="Performance › pages load within reasonable time" classname="functionality.spec.ts" time="0.004">
<failure message="functionality.spec.ts:121:7 pages load within reasonable time" type="FAILURE">
<![CDATA[  [Mobile Safari] › functionality.spec.ts:121:7 › Performance › pages load within reasonable time ──

    Error: browserType.launch: Executable doesn't exist at /Users/hatem/Library/Caches/ms-playwright/webkit-2203/pw_run.sh
    ╔═════════════════════════════════════════════════════════════════════════╗
    ║ Looks like Playwright Test or Playwright was just installed or updated. ║
    ║ Please run the following command to download new browsers:              ║
    ║                                                                         ║
    ║     npx playwright install                                              ║
    ║                                                                         ║
    ║ <3 Playwright Team                                                      ║
    ╚═════════════════════════════════════════════════════════════════════════╝
]]>
</failure>
</testcase>
<testcase name="Performance › no console errors on main pages" classname="functionality.spec.ts" time="0.005">
<failure message="functionality.spec.ts:134:7 no console errors on main pages" type="FAILURE">
<![CDATA[  [Mobile Safari] › functionality.spec.ts:134:7 › Performance › no console errors on main pages ────

    Error: browserType.launch: Executable doesn't exist at /Users/hatem/Library/Caches/ms-playwright/webkit-2203/pw_run.sh
    ╔═════════════════════════════════════════════════════════════════════════╗
    ║ Looks like Playwright Test or Playwright was just installed or updated. ║
    ║ Please run the following command to download new browsers:              ║
    ║                                                                         ║
    ║     npx playwright install                                              ║
    ║                                                                         ║
    ║ <3 Playwright Team                                                      ║
    ╚═════════════════════════════════════════════════════════════════════════╝
]]>
</failure>
</testcase>
<testcase name="Links and Navigation › external links open in new tabs" classname="functionality.spec.ts" time="0.004">
<failure message="functionality.spec.ts:153:7 external links open in new tabs" type="FAILURE">
<![CDATA[  [Mobile Safari] › functionality.spec.ts:153:7 › Links and Navigation › external links open in new tabs 

    Error: browserType.launch: Executable doesn't exist at /Users/hatem/Library/Caches/ms-playwright/webkit-2203/pw_run.sh
    ╔═════════════════════════════════════════════════════════════════════════╗
    ║ Looks like Playwright Test or Playwright was just installed or updated. ║
    ║ Please run the following command to download new browsers:              ║
    ║                                                                         ║
    ║     npx playwright install                                              ║
    ║                                                                         ║
    ║ <3 Playwright Team                                                      ║
    ╚═════════════════════════════════════════════════════════════════════════╝
]]>
</failure>
</testcase>
<testcase name="Links and Navigation › internal navigation works correctly" classname="functionality.spec.ts" time="0.004">
<failure message="functionality.spec.ts:174:7 internal navigation works correctly" type="FAILURE">
<![CDATA[  [Mobile Safari] › functionality.spec.ts:174:7 › Links and Navigation › internal navigation works correctly 

    Error: browserType.launch: Executable doesn't exist at /Users/hatem/Library/Caches/ms-playwright/webkit-2203/pw_run.sh
    ╔═════════════════════════════════════════════════════════════════════════╗
    ║ Looks like Playwright Test or Playwright was just installed or updated. ║
    ║ Please run the following command to download new browsers:              ║
    ║                                                                         ║
    ║     npx playwright install                                              ║
    ║                                                                         ║
    ║ <3 Playwright Team                                                      ║
    ╚═════════════════════════════════════════════════════════════════════════╝
]]>
</failure>
</testcase>
</testsuite>
<testsuite name="health.spec.ts" timestamp="2025-09-04T22:31:42.664Z" hostname="Mobile Safari" tests="7" failures="7" skipped="0" time="0.066" errors="0">
<testcase name="Health Checks › homepage loads successfully" classname="health.spec.ts" time="0.004">
<failure message="health.spec.ts:4:7 homepage loads successfully" type="FAILURE">
<![CDATA[  [Mobile Safari] › health.spec.ts:4:7 › Health Checks › homepage loads successfully ───────────────

    Error: browserType.launch: Executable doesn't exist at /Users/hatem/Library/Caches/ms-playwright/webkit-2203/pw_run.sh
    ╔═════════════════════════════════════════════════════════════════════════╗
    ║ Looks like Playwright Test or Playwright was just installed or updated. ║
    ║ Please run the following command to download new browsers:              ║
    ║                                                                         ║
    ║     npx playwright install                                              ║
    ║                                                                         ║
    ║ <3 Playwright Team                                                      ║
    ╚═════════════════════════════════════════════════════════════════════════╝
]]>
</failure>
</testcase>
<testcase name="Health Checks › all main navigation pages load" classname="health.spec.ts" time="0.004">
<failure message="health.spec.ts:10:7 all main navigation pages load" type="FAILURE">
<![CDATA[  [Mobile Safari] › health.spec.ts:10:7 › Health Checks › all main navigation pages load ───────────

    Error: browserType.launch: Executable doesn't exist at /Users/hatem/Library/Caches/ms-playwright/webkit-2203/pw_run.sh
    ╔═════════════════════════════════════════════════════════════════════════╗
    ║ Looks like Playwright Test or Playwright was just installed or updated. ║
    ║ Please run the following command to download new browsers:              ║
    ║                                                                         ║
    ║     npx playwright install                                              ║
    ║                                                                         ║
    ║ <3 Playwright Team                                                      ║
    ╚═════════════════════════════════════════════════════════════════════════╝
]]>
</failure>
</testcase>
<testcase name="Health Checks › language switching works" classname="health.spec.ts" time="0.005">
<failure message="health.spec.ts:27:7 language switching works" type="FAILURE">
<![CDATA[  [Mobile Safari] › health.spec.ts:27:7 › Health Checks › language switching works ─────────────────

    Error: browserType.launch: Executable doesn't exist at /Users/hatem/Library/Caches/ms-playwright/webkit-2203/pw_run.sh
    ╔═════════════════════════════════════════════════════════════════════════╗
    ║ Looks like Playwright Test or Playwright was just installed or updated. ║
    ║ Please run the following command to download new browsers:              ║
    ║                                                                         ║
    ║     npx playwright install                                              ║
    ║                                                                         ║
    ║ <3 Playwright Team                                                      ║
    ╚═════════════════════════════════════════════════════════════════════════╝
]]>
</failure>
</testcase>
<testcase name="Health Checks › legal pages are accessible" classname="health.spec.ts" time="0.004">
<failure message="health.spec.ts:41:7 legal pages are accessible" type="FAILURE">
<![CDATA[  [Mobile Safari] › health.spec.ts:41:7 › Health Checks › legal pages are accessible ───────────────

    Error: browserType.launch: Executable doesn't exist at /Users/hatem/Library/Caches/ms-playwright/webkit-2203/pw_run.sh
    ╔═════════════════════════════════════════════════════════════════════════╗
    ║ Looks like Playwright Test or Playwright was just installed or updated. ║
    ║ Please run the following command to download new browsers:              ║
    ║                                                                         ║
    ║     npx playwright install                                              ║
    ║                                                                         ║
    ║ <3 Playwright Team                                                      ║
    ╚═════════════════════════════════════════════════════════════════════════╝
]]>
</failure>
</testcase>
<testcase name="Health Checks › footer links work" classname="health.spec.ts" time="0.004">
<failure message="health.spec.ts:51:7 footer links work" type="FAILURE">
<![CDATA[  [Mobile Safari] › health.spec.ts:51:7 › Health Checks › footer links work ────────────────────────

    Error: browserType.launch: Executable doesn't exist at /Users/hatem/Library/Caches/ms-playwright/webkit-2203/pw_run.sh
    ╔═════════════════════════════════════════════════════════════════════════╗
    ║ Looks like Playwright Test or Playwright was just installed or updated. ║
    ║ Please run the following command to download new browsers:              ║
    ║                                                                         ║
    ║     npx playwright install                                              ║
    ║                                                                         ║
    ║ <3 Playwright Team                                                      ║
    ╚═════════════════════════════════════════════════════════════════════════╝
]]>
</failure>
</testcase>
<testcase name="Health Checks › back button functionality" classname="health.spec.ts" time="0.038">
<failure message="health.spec.ts:65:7 back button functionality" type="FAILURE">
<![CDATA[  [Mobile Safari] › health.spec.ts:65:7 › Health Checks › back button functionality ────────────────

    Error: browserType.launch: Executable doesn't exist at /Users/hatem/Library/Caches/ms-playwright/webkit-2203/pw_run.sh
    ╔═════════════════════════════════════════════════════════════════════════╗
    ║ Looks like Playwright Test or Playwright was just installed or updated. ║
    ║ Please run the following command to download new browsers:              ║
    ║                                                                         ║
    ║     npx playwright install                                              ║
    ║                                                                         ║
    ║ <3 Playwright Team                                                      ║
    ╚═════════════════════════════════════════════════════════════════════════╝
]]>
</failure>
</testcase>
<testcase name="Health Checks › responsive design works" classname="health.spec.ts" time="0.007">
<failure message="health.spec.ts:79:7 responsive design works" type="FAILURE">
<![CDATA[  [Mobile Safari] › health.spec.ts:79:7 › Health Checks › responsive design works ──────────────────

    Error: browserType.launch: Executable doesn't exist at /Users/hatem/Library/Caches/ms-playwright/webkit-2203/pw_run.sh
    ╔═════════════════════════════════════════════════════════════════════════╗
    ║ Looks like Playwright Test or Playwright was just installed or updated. ║
    ║ Please run the following command to download new browsers:              ║
    ║                                                                         ║
    ║     npx playwright install                                              ║
    ║                                                                         ║
    ║ <3 Playwright Team                                                      ║
    ╚═════════════════════════════════════════════════════════════════════════╝
]]>
</failure>
</testcase>
</testsuite>
<testsuite name="home.spec.ts" timestamp="2025-09-04T22:31:42.664Z" hostname="Mobile Safari" tests="5" failures="5" skipped="0" time="0.022" errors="0">
<testcase name="Home Page › displays main hero content" classname="home.spec.ts" time="0.005">
<failure message="home.spec.ts:4:7 displays main hero content" type="FAILURE">
<![CDATA[  [Mobile Safari] › home.spec.ts:4:7 › Home Page › displays main hero content ──────────────────────

    Error: browserType.launch: Executable doesn't exist at /Users/hatem/Library/Caches/ms-playwright/webkit-2203/pw_run.sh
    ╔═════════════════════════════════════════════════════════════════════════╗
    ║ Looks like Playwright Test or Playwright was just installed or updated. ║
    ║ Please run the following command to download new browsers:              ║
    ║                                                                         ║
    ║     npx playwright install                                              ║
    ║                                                                         ║
    ║ <3 Playwright Team                                                      ║
    ╚═════════════════════════════════════════════════════════════════════════╝
]]>
</failure>
</testcase>
<testcase name="Home Page › shows value pillars" classname="home.spec.ts" time="0.004">
<failure message="home.spec.ts:13:7 shows value pillars" type="FAILURE">
<![CDATA[  [Mobile Safari] › home.spec.ts:13:7 › Home Page › shows value pillars ────────────────────────────

    Error: browserType.launch: Executable doesn't exist at /Users/hatem/Library/Caches/ms-playwright/webkit-2203/pw_run.sh
    ╔═════════════════════════════════════════════════════════════════════════╗
    ║ Looks like Playwright Test or Playwright was just installed or updated. ║
    ║ Please run the following command to download new browsers:              ║
    ║                                                                         ║
    ║     npx playwright install                                              ║
    ║                                                                         ║
    ║ <3 Playwright Team                                                      ║
    ╚═════════════════════════════════════════════════════════════════════════╝
]]>
</failure>
</testcase>
<testcase name="Home Page › navigation cards are functional" classname="home.spec.ts" time="0.005">
<failure message="home.spec.ts:23:7 navigation cards are functional" type="FAILURE">
<![CDATA[  [Mobile Safari] › home.spec.ts:23:7 › Home Page › navigation cards are functional ────────────────

    Error: browserType.launch: Executable doesn't exist at /Users/hatem/Library/Caches/ms-playwright/webkit-2203/pw_run.sh
    ╔═════════════════════════════════════════════════════════════════════════╗
    ║ Looks like Playwright Test or Playwright was just installed or updated. ║
    ║ Please run the following command to download new browsers:              ║
    ║                                                                         ║
    ║     npx playwright install                                              ║
    ║                                                                         ║
    ║ <3 Playwright Team                                                      ║
    ╚═════════════════════════════════════════════════════════════════════════╝
]]>
</failure>
</testcase>
<testcase name="Home Page › footer CTA section exists" classname="home.spec.ts" time="0.004">
<failure message="home.spec.ts:42:7 footer CTA section exists" type="FAILURE">
<![CDATA[  [Mobile Safari] › home.spec.ts:42:7 › Home Page › footer CTA section exists ──────────────────────

    Error: browserType.launch: Executable doesn't exist at /Users/hatem/Library/Caches/ms-playwright/webkit-2203/pw_run.sh
    ╔═════════════════════════════════════════════════════════════════════════╗
    ║ Looks like Playwright Test or Playwright was just installed or updated. ║
    ║ Please run the following command to download new browsers:              ║
    ║                                                                         ║
    ║     npx playwright install                                              ║
    ║                                                                         ║
    ║ <3 Playwright Team                                                      ║
    ╚═════════════════════════════════════════════════════════════════════════╝
]]>
</failure>
</testcase>
<testcase name="Home Page › ribbon and language selector work" classname="home.spec.ts" time="0.004">
<failure message="home.spec.ts:49:7 ribbon and language selector work" type="FAILURE">
<![CDATA[  [Mobile Safari] › home.spec.ts:49:7 › Home Page › ribbon and language selector work ──────────────

    Error: browserType.launch: Executable doesn't exist at /Users/hatem/Library/Caches/ms-playwright/webkit-2203/pw_run.sh
    ╔═════════════════════════════════════════════════════════════════════════╗
    ║ Looks like Playwright Test or Playwright was just installed or updated. ║
    ║ Please run the following command to download new browsers:              ║
    ║                                                                         ║
    ║     npx playwright install                                              ║
    ║                                                                         ║
    ║ <3 Playwright Team                                                      ║
    ╚═════════════════════════════════════════════════════════════════════════╝
]]>
</failure>
</testcase>
</testsuite>
<testsuite name="pages.spec.ts" timestamp="2025-09-04T22:31:42.664Z" hostname="Mobile Safari" tests="18" failures="18" skipped="0" time="0.081" errors="0">
<testcase name="Business Page › displays business hero section" classname="pages.spec.ts" time="0.004">
<failure message="pages.spec.ts:8:7 displays business hero section" type="FAILURE">
<![CDATA[  [Mobile Safari] › pages.spec.ts:8:7 › Business Page › displays business hero section ─────────────

    Error: browserType.launch: Executable doesn't exist at /Users/hatem/Library/Caches/ms-playwright/webkit-2203/pw_run.sh
    ╔═════════════════════════════════════════════════════════════════════════╗
    ║ Looks like Playwright Test or Playwright was just installed or updated. ║
    ║ Please run the following command to download new browsers:              ║
    ║                                                                         ║
    ║     npx playwright install                                              ║
    ║                                                                         ║
    ║ <3 Playwright Team                                                      ║
    ╚═════════════════════════════════════════════════════════════════════════╝
]]>
</failure>
</testcase>
<testcase name="Business Page › shows business structure options" classname="pages.spec.ts" time="0.004">
<failure message="pages.spec.ts:13:7 shows business structure options" type="FAILURE">
<![CDATA[  [Mobile Safari] › pages.spec.ts:13:7 › Business Page › shows business structure options ──────────

    Error: browserType.launch: Executable doesn't exist at /Users/hatem/Library/Caches/ms-playwright/webkit-2203/pw_run.sh
    ╔═════════════════════════════════════════════════════════════════════════╗
    ║ Looks like Playwright Test or Playwright was just installed or updated. ║
    ║ Please run the following command to download new browsers:              ║
    ║                                                                         ║
    ║     npx playwright install                                              ║
    ║                                                                         ║
    ║ <3 Playwright Team                                                      ║
    ╚═════════════════════════════════════════════════════════════════════════╝
]]>
</failure>
</testcase>
<testcase name="Business Page › displays investment opportunities" classname="pages.spec.ts" time="0.004">
<failure message="pages.spec.ts:20:7 displays investment opportunities" type="FAILURE">
<![CDATA[  [Mobile Safari] › pages.spec.ts:20:7 › Business Page › displays investment opportunities ─────────

    Error: browserType.launch: Executable doesn't exist at /Users/hatem/Library/Caches/ms-playwright/webkit-2203/pw_run.sh
    ╔═════════════════════════════════════════════════════════════════════════╗
    ║ Looks like Playwright Test or Playwright was just installed or updated. ║
    ║ Please run the following command to download new browsers:              ║
    ║                                                                         ║
    ║     npx playwright install                                              ║
    ║                                                                         ║
    ║ <3 Playwright Team                                                      ║
    ╚═════════════════════════════════════════════════════════════════════════╝
]]>
</failure>
</testcase>
<testcase name="Business Page › shows step-by-step process" classname="pages.spec.ts" time="0.004">
<failure message="pages.spec.ts:28:7 shows step-by-step process" type="FAILURE">
<![CDATA[  [Mobile Safari] › pages.spec.ts:28:7 › Business Page › shows step-by-step process ────────────────

    Error: browserType.launch: Executable doesn't exist at /Users/hatem/Library/Caches/ms-playwright/webkit-2203/pw_run.sh
    ╔═════════════════════════════════════════════════════════════════════════╗
    ║ Looks like Playwright Test or Playwright was just installed or updated. ║
    ║ Please run the following command to download new browsers:              ║
    ║                                                                         ║
    ║     npx playwright install                                              ║
    ║                                                                         ║
    ║ <3 Playwright Team                                                      ║
    ╚═════════════════════════════════════════════════════════════════════════╝
]]>
</failure>
</testcase>
<testcase name="Business Page › displays resources section" classname="pages.spec.ts" time="0.005">
<failure message="pages.spec.ts:36:7 displays resources section" type="FAILURE">
<![CDATA[  [Mobile Safari] › pages.spec.ts:36:7 › Business Page › displays resources section ────────────────

    Error: browserType.launch: Executable doesn't exist at /Users/hatem/Library/Caches/ms-playwright/webkit-2203/pw_run.sh
    ╔═════════════════════════════════════════════════════════════════════════╗
    ║ Looks like Playwright Test or Playwright was just installed or updated. ║
    ║ Please run the following command to download new browsers:              ║
    ║                                                                         ║
    ║     npx playwright install                                              ║
    ║                                                                         ║
    ║ <3 Playwright Team                                                      ║
    ╚═════════════════════════════════════════════════════════════════════════╝
]]>
</failure>
</testcase>
<testcase name="Business Page › resource links are properly formatted" classname="pages.spec.ts" time="0.005">
<failure message="pages.spec.ts:43:7 resource links are properly formatted" type="FAILURE">
<![CDATA[  [Mobile Safari] › pages.spec.ts:43:7 › Business Page › resource links are properly formatted ─────

    Error: browserType.launch: Executable doesn't exist at /Users/hatem/Library/Caches/ms-playwright/webkit-2203/pw_run.sh
    ╔═════════════════════════════════════════════════════════════════════════╗
    ║ Looks like Playwright Test or Playwright was just installed or updated. ║
    ║ Please run the following command to download new browsers:              ║
    ║                                                                         ║
    ║     npx playwright install                                              ║
    ║                                                                         ║
    ║ <3 Playwright Team                                                      ║
    ╚═════════════════════════════════════════════════════════════════════════╝
]]>
</failure>
</testcase>
<testcase name="Work Page › displays work hero section" classname="pages.spec.ts" time="0.005">
<failure message="pages.spec.ts:61:7 displays work hero section" type="FAILURE">
<![CDATA[  [Mobile Safari] › pages.spec.ts:61:7 › Work Page › displays work hero section ────────────────────

    Error: browserType.launch: Executable doesn't exist at /Users/hatem/Library/Caches/ms-playwright/webkit-2203/pw_run.sh
    ╔═════════════════════════════════════════════════════════════════════════╗
    ║ Looks like Playwright Test or Playwright was just installed or updated. ║
    ║ Please run the following command to download new browsers:              ║
    ║                                                                         ║
    ║     npx playwright install                                              ║
    ║                                                                         ║
    ║ <3 Playwright Team                                                      ║
    ╚═════════════════════════════════════════════════════════════════════════╝
]]>
</failure>
</testcase>
<testcase name="Work Page › shows work visa types" classname="pages.spec.ts" time="0.005">
<failure message="pages.spec.ts:66:7 shows work visa types" type="FAILURE">
<![CDATA[  [Mobile Safari] › pages.spec.ts:66:7 › Work Page › shows work visa types ─────────────────────────

    Error: browserType.launch: Executable doesn't exist at /Users/hatem/Library/Caches/ms-playwright/webkit-2203/pw_run.sh
    ╔═════════════════════════════════════════════════════════════════════════╗
    ║ Looks like Playwright Test or Playwright was just installed or updated. ║
    ║ Please run the following command to download new browsers:              ║
    ║                                                                         ║
    ║     npx playwright install                                              ║
    ║                                                                         ║
    ║ <3 Playwright Team                                                      ║
    ╚═════════════════════════════════════════════════════════════════════════╝
]]>
</failure>
</testcase>
<testcase name="Work Page › displays job markets section" classname="pages.spec.ts" time="0.005">
<failure message="pages.spec.ts:70:7 displays job markets section" type="FAILURE">
<![CDATA[  [Mobile Safari] › pages.spec.ts:70:7 › Work Page › displays job markets section ──────────────────

    Error: browserType.launch: Executable doesn't exist at /Users/hatem/Library/Caches/ms-playwright/webkit-2203/pw_run.sh
    ╔═════════════════════════════════════════════════════════════════════════╗
    ║ Looks like Playwright Test or Playwright was just installed or updated. ║
    ║ Please run the following command to download new browsers:              ║
    ║                                                                         ║
    ║     npx playwright install                                              ║
    ║                                                                         ║
    ║ <3 Playwright Team                                                      ║
    ╚═════════════════════════════════════════════════════════════════════════╝
]]>
</failure>
</testcase>
<testcase name="Work Page › shows work steps process" classname="pages.spec.ts" time="0.004">
<failure message="pages.spec.ts:74:7 shows work steps process" type="FAILURE">
<![CDATA[  [Mobile Safari] › pages.spec.ts:74:7 › Work Page › shows work steps process ──────────────────────

    Error: browserType.launch: Executable doesn't exist at /Users/hatem/Library/Caches/ms-playwright/webkit-2203/pw_run.sh
    ╔═════════════════════════════════════════════════════════════════════════╗
    ║ Looks like Playwright Test or Playwright was just installed or updated. ║
    ║ Please run the following command to download new browsers:              ║
    ║                                                                         ║
    ║     npx playwright install                                              ║
    ║                                                                         ║
    ║ <3 Playwright Team                                                      ║
    ╚═════════════════════════════════════════════════════════════════════════╝
]]>
</failure>
</testcase>
<testcase name="Study Page › displays study hero section" classname="pages.spec.ts" time="0.005">
<failure message="pages.spec.ts:88:7 displays study hero section" type="FAILURE">
<![CDATA[  [Mobile Safari] › pages.spec.ts:88:7 › Study Page › displays study hero section ──────────────────

    Error: browserType.launch: Executable doesn't exist at /Users/hatem/Library/Caches/ms-playwright/webkit-2203/pw_run.sh
    ╔═════════════════════════════════════════════════════════════════════════╗
    ║ Looks like Playwright Test or Playwright was just installed or updated. ║
    ║ Please run the following command to download new browsers:              ║
    ║                                                                         ║
    ║     npx playwright install                                              ║
    ║                                                                         ║
    ║ <3 Playwright Team                                                      ║
    ╚═════════════════════════════════════════════════════════════════════════╝
]]>
</failure>
</testcase>
<testcase name="Study Page › shows academic pathways" classname="pages.spec.ts" time="0.006">
<failure message="pages.spec.ts:93:7 shows academic pathways" type="FAILURE">
<![CDATA[  [Mobile Safari] › pages.spec.ts:93:7 › Study Page › shows academic pathways ──────────────────────

    Error: browserType.launch: Executable doesn't exist at /Users/hatem/Library/Caches/ms-playwright/webkit-2203/pw_run.sh
    ╔═════════════════════════════════════════════════════════════════════════╗
    ║ Looks like Playwright Test or Playwright was just installed or updated. ║
    ║ Please run the following command to download new browsers:              ║
    ║                                                                         ║
    ║     npx playwright install                                              ║
    ║                                                                         ║
    ║ <3 Playwright Team                                                      ║
    ╚═════════════════════════════════════════════════════════════════════════╝
]]>
</failure>
</testcase>
<testcase name="Study Page › displays university filters" classname="pages.spec.ts" time="0.006">
<failure message="pages.spec.ts:100:7 displays university filters" type="FAILURE">
<![CDATA[  [Mobile Safari] › pages.spec.ts:100:7 › Study Page › displays university filters ─────────────────

    Error: browserType.launch: Executable doesn't exist at /Users/hatem/Library/Caches/ms-playwright/webkit-2203/pw_run.sh
    ╔═════════════════════════════════════════════════════════════════════════╗
    ║ Looks like Playwright Test or Playwright was just installed or updated. ║
    ║ Please run the following command to download new browsers:              ║
    ║                                                                         ║
    ║     npx playwright install                                              ║
    ║                                                                         ║
    ║ <3 Playwright Team                                                      ║
    ╚═════════════════════════════════════════════════════════════════════════╝
]]>
</failure>
</testcase>
<testcase name="Study Page › shows study essentials section" classname="pages.spec.ts" time="0.005">
<failure message="pages.spec.ts:105:7 shows study essentials section" type="FAILURE">
<![CDATA[  [Mobile Safari] › pages.spec.ts:105:7 › Study Page › shows study essentials section ──────────────

    Error: browserType.launch: Executable doesn't exist at /Users/hatem/Library/Caches/ms-playwright/webkit-2203/pw_run.sh
    ╔═════════════════════════════════════════════════════════════════════════╗
    ║ Looks like Playwright Test or Playwright was just installed or updated. ║
    ║ Please run the following command to download new browsers:              ║
    ║                                                                         ║
    ║     npx playwright install                                              ║
    ║                                                                         ║
    ║ <3 Playwright Team                                                      ║
    ╚═════════════════════════════════════════════════════════════════════════╝
]]>
</failure>
</testcase>
<testcase name="Travel Page › displays travel hero section" classname="pages.spec.ts" time="0.005">
<failure message="pages.spec.ts:119:7 displays travel hero section" type="FAILURE">
<![CDATA[  [Mobile Safari] › pages.spec.ts:119:7 › Travel Page › displays travel hero section ───────────────

    Error: browserType.launch: Executable doesn't exist at /Users/hatem/Library/Caches/ms-playwright/webkit-2203/pw_run.sh
    ╔═════════════════════════════════════════════════════════════════════════╗
    ║ Looks like Playwright Test or Playwright was just installed or updated. ║
    ║ Please run the following command to download new browsers:              ║
    ║                                                                         ║
    ║     npx playwright install                                              ║
    ║                                                                         ║
    ║ <3 Playwright Team                                                      ║
    ╚═════════════════════════════════════════════════════════════════════════╝
]]>
</failure>
</testcase>
<testcase name="Travel Page › shows featured itineraries" classname="pages.spec.ts" time="0.004">
<failure message="pages.spec.ts:124:7 shows featured itineraries" type="FAILURE">
<![CDATA[  [Mobile Safari] › pages.spec.ts:124:7 › Travel Page › shows featured itineraries ─────────────────

    Error: browserType.launch: Executable doesn't exist at /Users/hatem/Library/Caches/ms-playwright/webkit-2203/pw_run.sh
    ╔═════════════════════════════════════════════════════════════════════════╗
    ║ Looks like Playwright Test or Playwright was just installed or updated. ║
    ║ Please run the following command to download new browsers:              ║
    ║                                                                         ║
    ║     npx playwright install                                              ║
    ║                                                                         ║
    ║ <3 Playwright Team                                                      ║
    ╚═════════════════════════════════════════════════════════════════════════╝
]]>
</failure>
</testcase>
<testcase name="Travel Page › displays travel essentials" classname="pages.spec.ts" time="0.003">
<failure message="pages.spec.ts:128:7 displays travel essentials" type="FAILURE">
<![CDATA[  [Mobile Safari] › pages.spec.ts:128:7 › Travel Page › displays travel essentials ─────────────────

    Error: browserType.launch: Executable doesn't exist at /Users/hatem/Library/Caches/ms-playwright/webkit-2203/pw_run.sh
    ╔═════════════════════════════════════════════════════════════════════════╗
    ║ Looks like Playwright Test or Playwright was just installed or updated. ║
    ║ Please run the following command to download new browsers:              ║
    ║                                                                         ║
    ║     npx playwright install                                              ║
    ║                                                                         ║
    ║ <3 Playwright Team                                                      ║
    ╚═════════════════════════════════════════════════════════════════════════╝
]]>
</failure>
</testcase>
<testcase name="Travel Page › shows transportation options" classname="pages.spec.ts" time="0.002">
<failure message="pages.spec.ts:132:7 shows transportation options" type="FAILURE">
<![CDATA[  [Mobile Safari] › pages.spec.ts:132:7 › Travel Page › shows transportation options ───────────────

    Error: browserType.launch: Executable doesn't exist at /Users/hatem/Library/Caches/ms-playwright/webkit-2203/pw_run.sh
    ╔═════════════════════════════════════════════════════════════════════════╗
    ║ Looks like Playwright Test or Playwright was just installed or updated. ║
    ║ Please run the following command to download new browsers:              ║
    ║                                                                         ║
    ║     npx playwright install                                              ║
    ║                                                                         ║
    ║ <3 Playwright Team                                                      ║
    ╚═════════════════════════════════════════════════════════════════════════╝
]]>
</failure>
</testcase>
</testsuite>
</testsuites>